ACC: Version 6.0 of HIP already initialized, runtime version 60342134
ACC: Get Device 0
ACC: Set Thread Context
ACC: Start transfer 0 items from hello-10.cpp:17
ACC: End transfer (to acc 0 bytes, to host 0 bytes)
ACC: Execute kernel __omp_offloading_73ac72ce_c4009b84_main_l17_cce$noloop$form blocks:4 threads:256 from hello-10.cpp:17
ACC: Start transfer 0 items from hello-10.cpp:17
ACC: End transfer (to acc 0 bytes, to host 0 bytes)
Hello from host!
Hello from device! I'm team 512/1024 thread 0/1; i=8, j=0
Hello from device! I'm team 513/1024 thread 0/1; i=8, j=1
Hello from device! I'm team 514/1024 thread 0/1; i=8, j=2
Hello from device! I'm team 515/1024 thread 0/1; i=8, j=3
Hello from device! I'm team 516/1024 thread 0/1; i=8, j=4
Hello from device! I'm team 517/1024 thread 0/1; i=8, j=5
Hello from device! I'm team 518/1024 thread 0/1; i=8, j=6
Hello from device! I'm team 519/1024 thread 0/1; i=8, j=7
Hello from device! I'm team 520/1024 thread 0/1; i=8, j=8
Hello from device! I'm team 521/1024 thread 0/1; i=8, j=9
Hello from device! I'm team 522/1024 thread 0/1; i=8, j=10
Hello from device! I'm team 523/1024 thread 0/1; i=8, j=11
Hello from device! I'm team 524/1024 thread 0/1; i=8, j=12
Hello from device! I'm team 525/1024 thread 0/1; i=8, j=13
Hello from device! I'm team 526/1024 thread 0/1; i=8, j=14
Hello from device! I'm team 527/1024 thread 0/1; i=8, j=15
Hello from device! I'm team 528/1024 thread 0/1; i=8, j=16
Hello from device! I'm team 529/1024 thread 0/1; i=8, j=17
Hello from device! I'm team 530/1024 thread 0/1; i=8, j=18
Hello from device! I'm team 531/1024 thread 0/1; i=8, j=19
Hello from device! I'm team 532/1024 thread 0/1; i=8, j=20
Hello from device! I'm team 533/1024 thread 0/1; i=8, j=21
Hello from device! I'm team 534/1024 thread 0/1; i=8, j=22
Hello from device! I'm team 535/1024 thread 0/1; i=8, j=23
Hello from device! I'm team 536/1024 thread 0/1; i=8, j=24
Hello from device! I'm team 537/1024 thread 0/1; i=8, j=25
Hello from device! I'm team 538/1024 thread 0/1; i=8, j=26
Hello from device! I'm team 539/1024 thread 0/1; i=8, j=27
Hello from device! I'm team 540/1024 thread 0/1; i=8, j=28
Hello from device! I'm team 541/1024 thread 0/1; i=8, j=29
Hello from device! I'm team 542/1024 thread 0/1; i=8, j=30
Hello from device! I'm team 543/1024 thread 0/1; i=8, j=31
Hello from device! I'm team 544/1024 thread 0/1; i=8, j=32
Hello from device! I'm team 545/1024 thread 0/1; i=8, j=33
Hello from device! I'm team 546/1024 thread 0/1; i=8, j=34
Hello from device! I'm team 547/1024 thread 0/1; i=8, j=35
Hello from device! I'm team 548/1024 thread 0/1; i=8, j=36
Hello from device! I'm team 549/1024 thread 0/1; i=8, j=37
Hello from device! I'm team 550/1024 thread 0/1; i=8, j=38
Hello from device! I'm team 551/1024 thread 0/1; i=8, j=39
Hello from device! I'm team 552/1024 thread 0/1; i=8, j=40
Hello from device! I'm team 553/1024 thread 0/1; i=8, j=41
Hello from device! I'm team 554/1024 thread 0/1; i=8, j=42
Hello from device! I'm team 555/1024 thread 0/1; i=8, j=43
Hello from device! I'm team 556/1024 thread 0/1; i=8, j=44
Hello from device! I'm team 557/1024 thread 0/1; i=8, j=45
Hello from device! I'm team 558/1024 thread 0/1; i=8, j=46
Hello from device! I'm team 559/1024 thread 0/1; i=8, j=47
Hello from device! I'm team 560/1024 thread 0/1; i=8, j=48
Hello from device! I'm team 561/1024 thread 0/1; i=8, j=49
Hello from device! I'm team 562/1024 thread 0/1; i=8, j=50
Hello from device! I'm team 563/1024 thread 0/1; i=8, j=51
Hello from device! I'm team 564/1024 thread 0/1; i=8, j=52
Hello from device! I'm team 565/1024 thread 0/1; i=8, j=53
Hello from device! I'm team 566/1024 thread 0/1; i=8, j=54
Hello from device! I'm team 567/1024 thread 0/1; i=8, j=55
Hello from device! I'm team 568/1024 thread 0/1; i=8, j=56
Hello from device! I'm team 569/1024 thread 0/1; i=8, j=57
Hello from device! I'm team 570/1024 thread 0/1; i=8, j=58
Hello from device! I'm team 571/1024 thread 0/1; i=8, j=59
Hello from device! I'm team 572/1024 thread 0/1; i=8, j=60
Hello from device! I'm team 573/1024 thread 0/1; i=8, j=61
Hello from device! I'm team 574/1024 thread 0/1; i=8, j=62
Hello from device! I'm team 575/1024 thread 0/1; i=8, j=63
Hello from device! I'm team 192/1024 thread 0/1; i=3, j=0
Hello from device! I'm team 193/1024 thread 0/1; i=3, j=1
Hello from device! I'm team 194/1024 thread 0/1; i=3, j=2
Hello from device! I'm team 195/1024 thread 0/1; i=3, j=3
Hello from device! I'm team 196/1024 thread 0/1; i=3, j=4
Hello from device! I'm team 197/1024 thread 0/1; i=3, j=5
Hello from device! I'm team 198/1024 thread 0/1; i=3, j=6
Hello from device! I'm team 199/1024 thread 0/1; i=3, j=7
Hello from device! I'm team 200/1024 thread 0/1; i=3, j=8
Hello from device! I'm team 201/1024 thread 0/1; i=3, j=9
Hello from device! I'm team 202/1024 thread 0/1; i=3, j=10
Hello from device! I'm team 203/1024 thread 0/1; i=3, j=11
Hello from device! I'm team 204/1024 thread 0/1; i=3, j=12
Hello from device! I'm team 205/1024 thread 0/1; i=3, j=13
Hello from device! I'm team 206/1024 thread 0/1; i=3, j=14
Hello from device! I'm team 207/1024 thread 0/1; i=3, j=15
Hello from device! I'm team 208/1024 thread 0/1; i=3, j=16
Hello from device! I'm team 209/1024 thread 0/1; i=3, j=17
Hello from device! I'm team 210/1024 thread 0/1; i=3, j=18
Hello from device! I'm team 211/1024 thread 0/1; i=3, j=19
Hello from device! I'm team 212/1024 thread 0/1; i=3, j=20
Hello from device! I'm team 213/1024 thread 0/1; i=3, j=21
Hello from device! I'm team 214/1024 thread 0/1; i=3, j=22
Hello from device! I'm team 215/1024 thread 0/1; i=3, j=23
Hello from device! I'm team 216/1024 thread 0/1; i=3, j=24
Hello from device! I'm team 217/1024 thread 0/1; i=3, j=25
Hello from device! I'm team 218/1024 thread 0/1; i=3, j=26
Hello from device! I'm team 219/1024 thread 0/1; i=3, j=27
Hello from device! I'm team 220/1024 thread 0/1; i=3, j=28
Hello from device! I'm team 221/1024 thread 0/1; i=3, j=29
Hello from device! I'm team 222/1024 thread 0/1; i=3, j=30
Hello from device! I'm team 223/1024 thread 0/1; i=3, j=31
Hello from device! I'm team 224/1024 thread 0/1; i=3, j=32
Hello from device! I'm team 225/1024 thread 0/1; i=3, j=33
Hello from device! I'm team 226/1024 thread 0/1; i=3, j=34
Hello from device! I'm team 227/1024 thread 0/1; i=3, j=35
Hello from device! I'm team 228/1024 thread 0/1; i=3, j=36
Hello from device! I'm team 229/1024 thread 0/1; i=3, j=37
Hello from device! I'm team 230/1024 thread 0/1; i=3, j=38
Hello from device! I'm team 231/1024 thread 0/1; i=3, j=39
Hello from device! I'm team 232/1024 thread 0/1; i=3, j=40
Hello from device! I'm team 233/1024 thread 0/1; i=3, j=41
Hello from device! I'm team 234/1024 thread 0/1; i=3, j=42
Hello from device! I'm team 235/1024 thread 0/1; i=3, j=43
Hello from device! I'm team 236/1024 thread 0/1; i=3, j=44
Hello from device! I'm team 237/1024 thread 0/1; i=3, j=45
Hello from device! I'm team 238/1024 thread 0/1; i=3, j=46
Hello from device! I'm team 239/1024 thread 0/1; i=3, j=47
Hello from device! I'm team 240/1024 thread 0/1; i=3, j=48
Hello from device! I'm team 241/1024 thread 0/1; i=3, j=49
Hello from device! I'm team 242/1024 thread 0/1; i=3, j=50
Hello from device! I'm team 243/1024 thread 0/1; i=3, j=51
Hello from device! I'm team 244/1024 thread 0/1; i=3, j=52
Hello from device! I'm team 245/1024 thread 0/1; i=3, j=53
Hello from device! I'm team 246/1024 thread 0/1; i=3, j=54
Hello from device! I'm team 247/1024 thread 0/1; i=3, j=55
Hello from device! I'm team 248/1024 thread 0/1; i=3, j=56
Hello from device! I'm team 249/1024 thread 0/1; i=3, j=57
Hello from device! I'm team 250/1024 thread 0/1; i=3, j=58
Hello from device! I'm team 251/1024 thread 0/1; i=3, j=59
Hello from device! I'm team 252/1024 thread 0/1; i=3, j=60
Hello from device! I'm team 253/1024 thread 0/1; i=3, j=61
Hello from device! I'm team 254/1024 thread 0/1; i=3, j=62
Hello from device! I'm team 255/1024 thread 0/1; i=3, j=63
Hello from device! I'm team 768/1024 thread 0/1; i=12, j=0
Hello from device! I'm team 769/1024 thread 0/1; i=12, j=1
Hello from device! I'm team 770/1024 thread 0/1; i=12, j=2
Hello from device! I'm team 771/1024 thread 0/1; i=12, j=3
Hello from device! I'm team 772/1024 thread 0/1; i=12, j=4
Hello from device! I'm team 773/1024 thread 0/1; i=12, j=5
Hello from device! I'm team 774/1024 thread 0/1; i=12, j=6
Hello from device! I'm team 775/1024 thread 0/1; i=12, j=7
Hello from device! I'm team 776/1024 thread 0/1; i=12, j=8
Hello from device! I'm team 777/1024 thread 0/1; i=12, j=9
Hello from device! I'm team 778/1024 thread 0/1; i=12, j=10
Hello from device! I'm team 779/1024 thread 0/1; i=12, j=11
Hello from device! I'm team 780/1024 thread 0/1; i=12, j=12
Hello from device! I'm team 781/1024 thread 0/1; i=12, j=13
Hello from device! I'm team 782/1024 thread 0/1; i=12, j=14
Hello from device! I'm team 783/1024 thread 0/1; i=12, j=15
Hello from device! I'm team 784/1024 thread 0/1; i=12, j=16
Hello from device! I'm team 785/1024 thread 0/1; i=12, j=17
Hello from device! I'm team 786/1024 thread 0/1; i=12, j=18
Hello from device! I'm team 787/1024 thread 0/1; i=12, j=19
Hello from device! I'm team 788/1024 thread 0/1; i=12, j=20
Hello from device! I'm team 789/1024 thread 0/1; i=12, j=21
Hello from device! I'm team 790/1024 thread 0/1; i=12, j=22
Hello from device! I'm team 791/1024 thread 0/1; i=12, j=23
Hello from device! I'm team 792/1024 thread 0/1; i=12, j=24
Hello from device! I'm team 793/1024 thread 0/1; i=12, j=25
Hello from device! I'm team 794/1024 thread 0/1; i=12, j=26
Hello from device! I'm team 795/1024 thread 0/1; i=12, j=27
Hello from device! I'm team 796/1024 thread 0/1; i=12, j=28
Hello from device! I'm team 797/1024 thread 0/1; i=12, j=29
Hello from device! I'm team 798/1024 thread 0/1; i=12, j=30
Hello from device! I'm team 799/1024 thread 0/1; i=12, j=31
Hello from device! I'm team 800/1024 thread 0/1; i=12, j=32
Hello from device! I'm team 801/1024 thread 0/1; i=12, j=33
Hello from device! I'm team 802/1024 thread 0/1; i=12, j=34
Hello from device! I'm team 803/1024 thread 0/1; i=12, j=35
Hello from device! I'm team 804/1024 thread 0/1; i=12, j=36
Hello from device! I'm team 805/1024 thread 0/1; i=12, j=37
Hello from device! I'm team 806/1024 thread 0/1; i=12, j=38
Hello from device! I'm team 807/1024 thread 0/1; i=12, j=39
Hello from device! I'm team 808/1024 thread 0/1; i=12, j=40
Hello from device! I'm team 809/1024 thread 0/1; i=12, j=41
Hello from device! I'm team 810/1024 thread 0/1; i=12, j=42
Hello from device! I'm team 811/1024 thread 0/1; i=12, j=43
Hello from device! I'm team 812/1024 thread 0/1; i=12, j=44
Hello from device! I'm team 813/1024 thread 0/1; i=12, j=45
Hello from device! I'm team 814/1024 thread 0/1; i=12, j=46
Hello from device! I'm team 815/1024 thread 0/1; i=12, j=47
Hello from device! I'm team 816/1024 thread 0/1; i=12, j=48
Hello from device! I'm team 817/1024 thread 0/1; i=12, j=49
Hello from device! I'm team 818/1024 thread 0/1; i=12, j=50
Hello from device! I'm team 819/1024 thread 0/1; i=12, j=51
Hello from device! I'm team 820/1024 thread 0/1; i=12, j=52
Hello from device! I'm team 821/1024 thread 0/1; i=12, j=53
Hello from device! I'm team 822/1024 thread 0/1; i=12, j=54
Hello from device! I'm team 823/1024 thread 0/1; i=12, j=55
Hello from device! I'm team 824/1024 thread 0/1; i=12, j=56
Hello from device! I'm team 825/1024 thread 0/1; i=12, j=57
Hello from device! I'm team 826/1024 thread 0/1; i=12, j=58
Hello from device! I'm team 827/1024 thread 0/1; i=12, j=59
Hello from device! I'm team 828/1024 thread 0/1; i=12, j=60
Hello from device! I'm team 829/1024 thread 0/1; i=12, j=61
Hello from device! I'm team 830/1024 thread 0/1; i=12, j=62
Hello from device! I'm team 831/1024 thread 0/1; i=12, j=63
Hello from device! I'm team 128/1024 thread 0/1; i=2, j=0
Hello from device! I'm team 129/1024 thread 0/1; i=2, j=1
Hello from device! I'm team 130/1024 thread 0/1; i=2, j=2
Hello from device! I'm team 131/1024 thread 0/1; i=2, j=3
Hello from device! I'm team 132/1024 thread 0/1; i=2, j=4
Hello from device! I'm team 133/1024 thread 0/1; i=2, j=5
Hello from device! I'm team 134/1024 thread 0/1; i=2, j=6
Hello from device! I'm team 135/1024 thread 0/1; i=2, j=7
Hello from device! I'm team 136/1024 thread 0/1; i=2, j=8
Hello from device! I'm team 137/1024 thread 0/1; i=2, j=9
Hello from device! I'm team 138/1024 thread 0/1; i=2, j=10
Hello from device! I'm team 139/1024 thread 0/1; i=2, j=11
Hello from device! I'm team 140/1024 thread 0/1; i=2, j=12
Hello from device! I'm team 141/1024 thread 0/1; i=2, j=13
Hello from device! I'm team 142/1024 thread 0/1; i=2, j=14
Hello from device! I'm team 143/1024 thread 0/1; i=2, j=15
Hello from device! I'm team 144/1024 thread 0/1; i=2, j=16
Hello from device! I'm team 145/1024 thread 0/1; i=2, j=17
Hello from device! I'm team 146/1024 thread 0/1; i=2, j=18
Hello from device! I'm team 147/1024 thread 0/1; i=2, j=19
Hello from device! I'm team 148/1024 thread 0/1; i=2, j=20
Hello from device! I'm team 149/1024 thread 0/1; i=2, j=21
Hello from device! I'm team 150/1024 thread 0/1; i=2, j=22
Hello from device! I'm team 151/1024 thread 0/1; i=2, j=23
Hello from device! I'm team 152/1024 thread 0/1; i=2, j=24
Hello from device! I'm team 153/1024 thread 0/1; i=2, j=25
Hello from device! I'm team 154/1024 thread 0/1; i=2, j=26
Hello from device! I'm team 155/1024 thread 0/1; i=2, j=27
Hello from device! I'm team 156/1024 thread 0/1; i=2, j=28
Hello from device! I'm team 157/1024 thread 0/1; i=2, j=29
Hello from device! I'm team 158/1024 thread 0/1; i=2, j=30
Hello from device! I'm team 159/1024 thread 0/1; i=2, j=31
Hello from device! I'm team 160/1024 thread 0/1; i=2, j=32
Hello from device! I'm team 161/1024 thread 0/1; i=2, j=33
Hello from device! I'm team 162/1024 thread 0/1; i=2, j=34
Hello from device! I'm team 163/1024 thread 0/1; i=2, j=35
Hello from device! I'm team 164/1024 thread 0/1; i=2, j=36
Hello from device! I'm team 165/1024 thread 0/1; i=2, j=37
Hello from device! I'm team 166/1024 thread 0/1; i=2, j=38
Hello from device! I'm team 167/1024 thread 0/1; i=2, j=39
Hello from device! I'm team 168/1024 thread 0/1; i=2, j=40
Hello from device! I'm team 169/1024 thread 0/1; i=2, j=41
Hello from device! I'm team 170/1024 thread 0/1; i=2, j=42
Hello from device! I'm team 171/1024 thread 0/1; i=2, j=43
Hello from device! I'm team 172/1024 thread 0/1; i=2, j=44
Hello from device! I'm team 173/1024 thread 0/1; i=2, j=45
Hello from device! I'm team 174/1024 thread 0/1; i=2, j=46
Hello from device! I'm team 175/1024 thread 0/1; i=2, j=47
Hello from device! I'm team 176/1024 thread 0/1; i=2, j=48
Hello from device! I'm team 177/1024 thread 0/1; i=2, j=49
Hello from device! I'm team 178/1024 thread 0/1; i=2, j=50
Hello from device! I'm team 179/1024 thread 0/1; i=2, j=51
Hello from device! I'm team 180/1024 thread 0/1; i=2, j=52
Hello from device! I'm team 181/1024 thread 0/1; i=2, j=53
Hello from device! I'm team 182/1024 thread 0/1; i=2, j=54
Hello from device! I'm team 183/1024 thread 0/1; i=2, j=55
Hello from device! I'm team 184/1024 thread 0/1; i=2, j=56
Hello from device! I'm team 185/1024 thread 0/1; i=2, j=57
Hello from device! I'm team 186/1024 thread 0/1; i=2, j=58
Hello from device! I'm team 187/1024 thread 0/1; i=2, j=59
Hello from device! I'm team 188/1024 thread 0/1; i=2, j=60
Hello from device! I'm team 189/1024 thread 0/1; i=2, j=61
Hello from device! I'm team 190/1024 thread 0/1; i=2, j=62
Hello from device! I'm team 191/1024 thread 0/1; i=2, j=63
Hello from device! I'm team 0/1024 thread 0/1; i=0, j=0
Hello from device! I'm team 1/1024 thread 0/1; i=0, j=1
Hello from device! I'm team 2/1024 thread 0/1; i=0, j=2
Hello from device! I'm team 3/1024 thread 0/1; i=0, j=3
Hello from device! I'm team 4/1024 thread 0/1; i=0, j=4
Hello from device! I'm team 5/1024 thread 0/1; i=0, j=5
Hello from device! I'm team 6/1024 thread 0/1; i=0, j=6
Hello from device! I'm team 7/1024 thread 0/1; i=0, j=7
Hello from device! I'm team 8/1024 thread 0/1; i=0, j=8
Hello from device! I'm team 9/1024 thread 0/1; i=0, j=9
Hello from device! I'm team 10/1024 thread 0/1; i=0, j=10
Hello from device! I'm team 11/1024 thread 0/1; i=0, j=11
Hello from device! I'm team 12/1024 thread 0/1; i=0, j=12
Hello from device! I'm team 13/1024 thread 0/1; i=0, j=13
Hello from device! I'm team 14/1024 thread 0/1; i=0, j=14
Hello from device! I'm team 15/1024 thread 0/1; i=0, j=15
Hello from device! I'm team 16/1024 thread 0/1; i=0, j=16
Hello from device! I'm team 17/1024 thread 0/1; i=0, j=17
Hello from device! I'm team 18/1024 thread 0/1; i=0, j=18
Hello from device! I'm team 19/1024 thread 0/1; i=0, j=19
Hello from device! I'm team 20/1024 thread 0/1; i=0, j=20
Hello from device! I'm team 21/1024 thread 0/1; i=0, j=21
Hello from device! I'm team 22/1024 thread 0/1; i=0, j=22
Hello from device! I'm team 23/1024 thread 0/1; i=0, j=23
Hello from device! I'm team 24/1024 thread 0/1; i=0, j=24
Hello from device! I'm team 25/1024 thread 0/1; i=0, j=25
Hello from device! I'm team 26/1024 thread 0/1; i=0, j=26
Hello from device! I'm team 27/1024 thread 0/1; i=0, j=27
Hello from device! I'm team 28/1024 thread 0/1; i=0, j=28
Hello from device! I'm team 29/1024 thread 0/1; i=0, j=29
Hello from device! I'm team 30/1024 thread 0/1; i=0, j=30
Hello from device! I'm team 31/1024 thread 0/1; i=0, j=31
Hello from device! I'm team 32/1024 thread 0/1; i=0, j=32
Hello from device! I'm team 33/1024 thread 0/1; i=0, j=33
Hello from device! I'm team 34/1024 thread 0/1; i=0, j=34
Hello from device! I'm team 35/1024 thread 0/1; i=0, j=35
Hello from device! I'm team 36/1024 thread 0/1; i=0, j=36
Hello from device! I'm team 37/1024 thread 0/1; i=0, j=37
Hello from device! I'm team 38/1024 thread 0/1; i=0, j=38
Hello from device! I'm team 39/1024 thread 0/1; i=0, j=39
Hello from device! I'm team 40/1024 thread 0/1; i=0, j=40
Hello from device! I'm team 41/1024 thread 0/1; i=0, j=41
Hello from device! I'm team 42/1024 thread 0/1; i=0, j=42
Hello from device! I'm team 43/1024 thread 0/1; i=0, j=43
Hello from device! I'm team 44/1024 thread 0/1; i=0, j=44
Hello from device! I'm team 45/1024 thread 0/1; i=0, j=45
Hello from device! I'm team 46/1024 thread 0/1; i=0, j=46
Hello from device! I'm team 47/1024 thread 0/1; i=0, j=47
Hello from device! I'm team 48/1024 thread 0/1; i=0, j=48
Hello from device! I'm team 49/1024 thread 0/1; i=0, j=49
Hello from device! I'm team 50/1024 thread 0/1; i=0, j=50
Hello from device! I'm team 51/1024 thread 0/1; i=0, j=51
Hello from device! I'm team 52/1024 thread 0/1; i=0, j=52
Hello from device! I'm team 53/1024 thread 0/1; i=0, j=53
Hello from device! I'm team 54/1024 thread 0/1; i=0, j=54
Hello from device! I'm team 55/1024 thread 0/1; i=0, j=55
Hello from device! I'm team 56/1024 thread 0/1; i=0, j=56
Hello from device! I'm team 57/1024 thread 0/1; i=0, j=57
Hello from device! I'm team 58/1024 thread 0/1; i=0, j=58
Hello from device! I'm team 59/1024 thread 0/1; i=0, j=59
Hello from device! I'm team 60/1024 thread 0/1; i=0, j=60
Hello from device! I'm team 61/1024 thread 0/1; i=0, j=61
Hello from device! I'm team 62/1024 thread 0/1; i=0, j=62
Hello from device! I'm team 63/1024 thread 0/1; i=0, j=63
Hello from device! I'm team 896/1024 thread 0/1; i=14, j=0
Hello from device! I'm team 897/1024 thread 0/1; i=14, j=1
Hello from device! I'm team 898/1024 thread 0/1; i=14, j=2
Hello from device! I'm team 899/1024 thread 0/1; i=14, j=3
Hello from device! I'm team 900/1024 thread 0/1; i=14, j=4
Hello from device! I'm team 901/1024 thread 0/1; i=14, j=5
Hello from device! I'm team 902/1024 thread 0/1; i=14, j=6
Hello from device! I'm team 903/1024 thread 0/1; i=14, j=7
Hello from device! I'm team 904/1024 thread 0/1; i=14, j=8
Hello from device! I'm team 905/1024 thread 0/1; i=14, j=9
Hello from device! I'm team 906/1024 thread 0/1; i=14, j=10
Hello from device! I'm team 907/1024 thread 0/1; i=14, j=11
Hello from device! I'm team 908/1024 thread 0/1; i=14, j=12
Hello from device! I'm team 909/1024 thread 0/1; i=14, j=13
Hello from device! I'm team 910/1024 thread 0/1; i=14, j=14
Hello from device! I'm team 911/1024 thread 0/1; i=14, j=15
Hello from device! I'm team 912/1024 thread 0/1; i=14, j=16
Hello from device! I'm team 913/1024 thread 0/1; i=14, j=17
Hello from device! I'm team 914/1024 thread 0/1; i=14, j=18
Hello from device! I'm team 915/1024 thread 0/1; i=14, j=19
Hello from device! I'm team 916/1024 thread 0/1; i=14, j=20
Hello from device! I'm team 917/1024 thread 0/1; i=14, j=21
Hello from device! I'm team 918/1024 thread 0/1; i=14, j=22
Hello from device! I'm team 919/1024 thread 0/1; i=14, j=23
Hello from device! I'm team 920/1024 thread 0/1; i=14, j=24
Hello from device! I'm team 921/1024 thread 0/1; i=14, j=25
Hello from device! I'm team 922/1024 thread 0/1; i=14, j=26
Hello from device! I'm team 923/1024 thread 0/1; i=14, j=27
Hello from device! I'm team 924/1024 thread 0/1; i=14, j=28
Hello from device! I'm team 925/1024 thread 0/1; i=14, j=29
Hello from device! I'm team 926/1024 thread 0/1; i=14, j=30
Hello from device! I'm team 927/1024 thread 0/1; i=14, j=31
Hello from device! I'm team 928/1024 thread 0/1; i=14, j=32
Hello from device! I'm team 929/1024 thread 0/1; i=14, j=33
Hello from device! I'm team 930/1024 thread 0/1; i=14, j=34
Hello from device! I'm team 931/1024 thread 0/1; i=14, j=35
Hello from device! I'm team 932/1024 thread 0/1; i=14, j=36
Hello from device! I'm team 933/1024 thread 0/1; i=14, j=37
Hello from device! I'm team 934/1024 thread 0/1; i=14, j=38
Hello from device! I'm team 935/1024 thread 0/1; i=14, j=39
Hello from device! I'm team 936/1024 thread 0/1; i=14, j=40
Hello from device! I'm team 937/1024 thread 0/1; i=14, j=41
Hello from device! I'm team 938/1024 thread 0/1; i=14, j=42
Hello from device! I'm team 939/1024 thread 0/1; i=14, j=43
Hello from device! I'm team 940/1024 thread 0/1; i=14, j=44
Hello from device! I'm team 941/1024 thread 0/1; i=14, j=45
Hello from device! I'm team 942/1024 thread 0/1; i=14, j=46
Hello from device! I'm team 943/1024 thread 0/1; i=14, j=47
Hello from device! I'm team 944/1024 thread 0/1; i=14, j=48
Hello from device! I'm team 945/1024 thread 0/1; i=14, j=49
Hello from device! I'm team 946/1024 thread 0/1; i=14, j=50
Hello from device! I'm team 947/1024 thread 0/1; i=14, j=51
Hello from device! I'm team 948/1024 thread 0/1; i=14, j=52
Hello from device! I'm team 949/1024 thread 0/1; i=14, j=53
Hello from device! I'm team 950/1024 thread 0/1; i=14, j=54
Hello from device! I'm team 951/1024 thread 0/1; i=14, j=55
Hello from device! I'm team 952/1024 thread 0/1; i=14, j=56
Hello from device! I'm team 953/1024 thread 0/1; i=14, j=57
Hello from device! I'm team 954/1024 thread 0/1; i=14, j=58
Hello from device! I'm team 955/1024 thread 0/1; i=14, j=59
Hello from device! I'm team 956/1024 thread 0/1; i=14, j=60
Hello from device! I'm team 957/1024 thread 0/1; i=14, j=61
Hello from device! I'm team 958/1024 thread 0/1; i=14, j=62
Hello from device! I'm team 959/1024 thread 0/1; i=14, j=63
Hello from device! I'm team 448/1024 thread 0/1; i=7, j=0
Hello from device! I'm team 449/1024 thread 0/1; i=7, j=1
Hello from device! I'm team 450/1024 thread 0/1; i=7, j=2
Hello from device! I'm team 451/1024 thread 0/1; i=7, j=3
Hello from device! I'm team 452/1024 thread 0/1; i=7, j=4
Hello from device! I'm team 453/1024 thread 0/1; i=7, j=5
Hello from device! I'm team 454/1024 thread 0/1; i=7, j=6
Hello from device! I'm team 455/1024 thread 0/1; i=7, j=7
Hello from device! I'm team 456/1024 thread 0/1; i=7, j=8
Hello from device! I'm team 457/1024 thread 0/1; i=7, j=9
Hello from device! I'm team 458/1024 thread 0/1; i=7, j=10
Hello from device! I'm team 459/1024 thread 0/1; i=7, j=11
Hello from device! I'm team 460/1024 thread 0/1; i=7, j=12
Hello from device! I'm team 461/1024 thread 0/1; i=7, j=13
Hello from device! I'm team 462/1024 thread 0/1; i=7, j=14
Hello from device! I'm team 463/1024 thread 0/1; i=7, j=15
Hello from device! I'm team 464/1024 thread 0/1; i=7, j=16
Hello from device! I'm team 465/1024 thread 0/1; i=7, j=17
Hello from device! I'm team 466/1024 thread 0/1; i=7, j=18
Hello from device! I'm team 467/1024 thread 0/1; i=7, j=19
Hello from device! I'm team 468/1024 thread 0/1; i=7, j=20
Hello from device! I'm team 469/1024 thread 0/1; i=7, j=21
Hello from device! I'm team 470/1024 thread 0/1; i=7, j=22
Hello from device! I'm team 471/1024 thread 0/1; i=7, j=23
Hello from device! I'm team 472/1024 thread 0/1; i=7, j=24
Hello from device! I'm team 473/1024 thread 0/1; i=7, j=25
Hello from device! I'm team 474/1024 thread 0/1; i=7, j=26
Hello from device! I'm team 475/1024 thread 0/1; i=7, j=27
Hello from device! I'm team 476/1024 thread 0/1; i=7, j=28
Hello from device! I'm team 477/1024 thread 0/1; i=7, j=29
Hello from device! I'm team 478/1024 thread 0/1; i=7, j=30
Hello from device! I'm team 479/1024 thread 0/1; i=7, j=31
Hello from device! I'm team 480/1024 thread 0/1; i=7, j=32
Hello from device! I'm team 481/1024 thread 0/1; i=7, j=33
Hello from device! I'm team 482/1024 thread 0/1; i=7, j=34
Hello from device! I'm team 483/1024 thread 0/1; i=7, j=35
Hello from device! I'm team 484/1024 thread 0/1; i=7, j=36
Hello from device! I'm team 485/1024 thread 0/1; i=7, j=37
Hello from device! I'm team 486/1024 thread 0/1; i=7, j=38
Hello from device! I'm team 487/1024 thread 0/1; i=7, j=39
Hello from device! I'm team 488/1024 thread 0/1; i=7, j=40
Hello from device! I'm team 489/1024 thread 0/1; i=7, j=41
Hello from device! I'm team 490/1024 thread 0/1; i=7, j=42
Hello from device! I'm team 491/1024 thread 0/1; i=7, j=43
Hello from device! I'm team 492/1024 thread 0/1; i=7, j=44
Hello from device! I'm team 493/1024 thread 0/1; i=7, j=45
Hello from device! I'm team 494/1024 thread 0/1; i=7, j=46
Hello from device! I'm team 495/1024 thread 0/1; i=7, j=47
Hello from device! I'm team 496/1024 thread 0/1; i=7, j=48
Hello from device! I'm team 497/1024 thread 0/1; i=7, j=49
Hello from device! I'm team 498/1024 thread 0/1; i=7, j=50
Hello from device! I'm team 499/1024 thread 0/1; i=7, j=51
Hello from device! I'm team 500/1024 thread 0/1; i=7, j=52
Hello from device! I'm team 501/1024 thread 0/1; i=7, j=53
Hello from device! I'm team 502/1024 thread 0/1; i=7, j=54
Hello from device! I'm team 503/1024 thread 0/1; i=7, j=55
Hello from device! I'm team 504/1024 thread 0/1; i=7, j=56
Hello from device! I'm team 505/1024 thread 0/1; i=7, j=57
Hello from device! I'm team 506/1024 thread 0/1; i=7, j=58
Hello from device! I'm team 507/1024 thread 0/1; i=7, j=59
Hello from device! I'm team 508/1024 thread 0/1; i=7, j=60
Hello from device! I'm team 509/1024 thread 0/1; i=7, j=61
Hello from device! I'm team 510/1024 thread 0/1; i=7, j=62
Hello from device! I'm team 511/1024 thread 0/1; i=7, j=63
Hello from device! I'm team 640/1024 thread 0/1; i=10, j=0
Hello from device! I'm team 641/1024 thread 0/1; i=10, j=1
Hello from device! I'm team 642/1024 thread 0/1; i=10, j=2
Hello from device! I'm team 643/1024 thread 0/1; i=10, j=3
Hello from device! I'm team 644/1024 thread 0/1; i=10, j=4
Hello from device! I'm team 645/1024 thread 0/1; i=10, j=5
Hello from device! I'm team 646/1024 thread 0/1; i=10, j=6
Hello from device! I'm team 647/1024 thread 0/1; i=10, j=7
Hello from device! I'm team 648/1024 thread 0/1; i=10, j=8
Hello from device! I'm team 649/1024 thread 0/1; i=10, j=9
Hello from device! I'm team 650/1024 thread 0/1; i=10, j=10
Hello from device! I'm team 651/1024 thread 0/1; i=10, j=11
Hello from device! I'm team 652/1024 thread 0/1; i=10, j=12
Hello from device! I'm team 653/1024 thread 0/1; i=10, j=13
Hello from device! I'm team 654/1024 thread 0/1; i=10, j=14
Hello from device! I'm team 655/1024 thread 0/1; i=10, j=15
Hello from device! I'm team 656/1024 thread 0/1; i=10, j=16
Hello from device! I'm team 657/1024 thread 0/1; i=10, j=17
Hello from device! I'm team 658/1024 thread 0/1; i=10, j=18
Hello from device! I'm team 659/1024 thread 0/1; i=10, j=19
Hello from device! I'm team 660/1024 thread 0/1; i=10, j=20
Hello from device! I'm team 661/1024 thread 0/1; i=10, j=21
Hello from device! I'm team 662/1024 thread 0/1; i=10, j=22
Hello from device! I'm team 663/1024 thread 0/1; i=10, j=23
Hello from device! I'm team 664/1024 thread 0/1; i=10, j=24
Hello from device! I'm team 665/1024 thread 0/1; i=10, j=25
Hello from device! I'm team 666/1024 thread 0/1; i=10, j=26
Hello from device! I'm team 667/1024 thread 0/1; i=10, j=27
Hello from device! I'm team 668/1024 thread 0/1; i=10, j=28
Hello from device! I'm team 669/1024 thread 0/1; i=10, j=29
Hello from device! I'm team 670/1024 thread 0/1; i=10, j=30
Hello from device! I'm team 671/1024 thread 0/1; i=10, j=31
Hello from device! I'm team 672/1024 thread 0/1; i=10, j=32
Hello from device! I'm team 673/1024 thread 0/1; i=10, j=33
Hello from device! I'm team 674/1024 thread 0/1; i=10, j=34
Hello from device! I'm team 675/1024 thread 0/1; i=10, j=35
Hello from device! I'm team 676/1024 thread 0/1; i=10, j=36
Hello from device! I'm team 677/1024 thread 0/1; i=10, j=37
Hello from device! I'm team 678/1024 thread 0/1; i=10, j=38
Hello from device! I'm team 679/1024 thread 0/1; i=10, j=39
Hello from device! I'm team 680/1024 thread 0/1; i=10, j=40
Hello from device! I'm team 681/1024 thread 0/1; i=10, j=41
Hello from device! I'm team 682/1024 thread 0/1; i=10, j=42
Hello from device! I'm team 683/1024 thread 0/1; i=10, j=43
Hello from device! I'm team 684/1024 thread 0/1; i=10, j=44
Hello from device! I'm team 685/1024 thread 0/1; i=10, j=45
Hello from device! I'm team 686/1024 thread 0/1; i=10, j=46
Hello from device! I'm team 687/1024 thread 0/1; i=10, j=47
Hello from device! I'm team 688/1024 thread 0/1; i=10, j=48
Hello from device! I'm team 689/1024 thread 0/1; i=10, j=49
Hello from device! I'm team 690/1024 thread 0/1; i=10, j=50
Hello from device! I'm team 691/1024 thread 0/1; i=10, j=51
Hello from device! I'm team 692/1024 thread 0/1; i=10, j=52
Hello from device! I'm team 693/1024 thread 0/1; i=10, j=53
Hello from device! I'm team 694/1024 thread 0/1; i=10, j=54
Hello from device! I'm team 695/1024 thread 0/1; i=10, j=55
Hello from device! I'm team 696/1024 thread 0/1; i=10, j=56
Hello from device! I'm team 697/1024 thread 0/1; i=10, j=57
Hello from device! I'm team 698/1024 thread 0/1; i=10, j=58
Hello from device! I'm team 699/1024 thread 0/1; i=10, j=59
Hello from device! I'm team 700/1024 thread 0/1; i=10, j=60
Hello from device! I'm team 701/1024 thread 0/1; i=10, j=61
Hello from device! I'm team 702/1024 thread 0/1; i=10, j=62
Hello from device! I'm team 703/1024 thread 0/1; i=10, j=63
Hello from device! I'm team 384/1024 thread 0/1; i=6, j=0
Hello from device! I'm team 385/1024 thread 0/1; i=6, j=1
Hello from device! I'm team 386/1024 thread 0/1; i=6, j=2
Hello from device! I'm team 387/1024 thread 0/1; i=6, j=3
Hello from device! I'm team 388/1024 thread 0/1; i=6, j=4
Hello from device! I'm team 389/1024 thread 0/1; i=6, j=5
Hello from device! I'm team 390/1024 thread 0/1; i=6, j=6
Hello from device! I'm team 391/1024 thread 0/1; i=6, j=7
Hello from device! I'm team 392/1024 thread 0/1; i=6, j=8
Hello from device! I'm team 393/1024 thread 0/1; i=6, j=9
Hello from device! I'm team 394/1024 thread 0/1; i=6, j=10
Hello from device! I'm team 395/1024 thread 0/1; i=6, j=11
Hello from device! I'm team 396/1024 thread 0/1; i=6, j=12
Hello from device! I'm team 397/1024 thread 0/1; i=6, j=13
Hello from device! I'm team 398/1024 thread 0/1; i=6, j=14
Hello from device! I'm team 399/1024 thread 0/1; i=6, j=15
Hello from device! I'm team 400/1024 thread 0/1; i=6, j=16
Hello from device! I'm team 401/1024 thread 0/1; i=6, j=17
Hello from device! I'm team 402/1024 thread 0/1; i=6, j=18
Hello from device! I'm team 403/1024 thread 0/1; i=6, j=19
Hello from device! I'm team 404/1024 thread 0/1; i=6, j=20
Hello from device! I'm team 405/1024 thread 0/1; i=6, j=21
Hello from device! I'm team 406/1024 thread 0/1; i=6, j=22
Hello from device! I'm team 407/1024 thread 0/1; i=6, j=23
Hello from device! I'm team 408/1024 thread 0/1; i=6, j=24
Hello from device! I'm team 409/1024 thread 0/1; i=6, j=25
Hello from device! I'm team 410/1024 thread 0/1; i=6, j=26
Hello from device! I'm team 411/1024 thread 0/1; i=6, j=27
Hello from device! I'm team 412/1024 thread 0/1; i=6, j=28
Hello from device! I'm team 413/1024 thread 0/1; i=6, j=29
Hello from device! I'm team 414/1024 thread 0/1; i=6, j=30
Hello from device! I'm team 415/1024 thread 0/1; i=6, j=31
Hello from device! I'm team 416/1024 thread 0/1; i=6, j=32
Hello from device! I'm team 417/1024 thread 0/1; i=6, j=33
Hello from device! I'm team 418/1024 thread 0/1; i=6, j=34
Hello from device! I'm team 419/1024 thread 0/1; i=6, j=35
Hello from device! I'm team 420/1024 thread 0/1; i=6, j=36
Hello from device! I'm team 421/1024 thread 0/1; i=6, j=37
Hello from device! I'm team 422/1024 thread 0/1; i=6, j=38
Hello from device! I'm team 423/1024 thread 0/1; i=6, j=39
Hello from device! I'm team 424/1024 thread 0/1; i=6, j=40
Hello from device! I'm team 425/1024 thread 0/1; i=6, j=41
Hello from device! I'm team 426/1024 thread 0/1; i=6, j=42
Hello from device! I'm team 427/1024 thread 0/1; i=6, j=43
Hello from device! I'm team 428/1024 thread 0/1; i=6, j=44
Hello from device! I'm team 429/1024 thread 0/1; i=6, j=45
Hello from device! I'm team 430/1024 thread 0/1; i=6, j=46
Hello from device! I'm team 431/1024 thread 0/1; i=6, j=47
Hello from device! I'm team 432/1024 thread 0/1; i=6, j=48
Hello from device! I'm team 433/1024 thread 0/1; i=6, j=49
Hello from device! I'm team 434/1024 thread 0/1; i=6, j=50
Hello from device! I'm team 435/1024 thread 0/1; i=6, j=51
Hello from device! I'm team 436/1024 thread 0/1; i=6, j=52
Hello from device! I'm team 437/1024 thread 0/1; i=6, j=53
Hello from device! I'm team 438/1024 thread 0/1; i=6, j=54
Hello from device! I'm team 439/1024 thread 0/1; i=6, j=55
Hello from device! I'm team 440/1024 thread 0/1; i=6, j=56
Hello from device! I'm team 441/1024 thread 0/1; i=6, j=57
Hello from device! I'm team 442/1024 thread 0/1; i=6, j=58
Hello from device! I'm team 443/1024 thread 0/1; i=6, j=59
Hello from device! I'm team 444/1024 thread 0/1; i=6, j=60
Hello from device! I'm team 445/1024 thread 0/1; i=6, j=61
Hello from device! I'm team 446/1024 thread 0/1; i=6, j=62
Hello from device! I'm team 447/1024 thread 0/1; i=6, j=63
Hello from device! I'm team 320/1024 thread 0/1; i=5, j=0
Hello from device! I'm team 321/1024 thread 0/1; i=5, j=1
Hello from device! I'm team 322/1024 thread 0/1; i=5, j=2
Hello from device! I'm team 323/1024 thread 0/1; i=5, j=3
Hello from device! I'm team 324/1024 thread 0/1; i=5, j=4
Hello from device! I'm team 325/1024 thread 0/1; i=5, j=5
Hello from device! I'm team 326/1024 thread 0/1; i=5, j=6
Hello from device! I'm team 327/1024 thread 0/1; i=5, j=7
Hello from device! I'm team 328/1024 thread 0/1; i=5, j=8
Hello from device! I'm team 329/1024 thread 0/1; i=5, j=9
Hello from device! I'm team 330/1024 thread 0/1; i=5, j=10
Hello from device! I'm team 331/1024 thread 0/1; i=5, j=11
Hello from device! I'm team 332/1024 thread 0/1; i=5, j=12
Hello from device! I'm team 333/1024 thread 0/1; i=5, j=13
Hello from device! I'm team 334/1024 thread 0/1; i=5, j=14
Hello from device! I'm team 335/1024 thread 0/1; i=5, j=15
Hello from device! I'm team 336/1024 thread 0/1; i=5, j=16
Hello from device! I'm team 337/1024 thread 0/1; i=5, j=17
Hello from device! I'm team 338/1024 thread 0/1; i=5, j=18
Hello from device! I'm team 339/1024 thread 0/1; i=5, j=19
Hello from device! I'm team 340/1024 thread 0/1; i=5, j=20
Hello from device! I'm team 341/1024 thread 0/1; i=5, j=21
Hello from device! I'm team 342/1024 thread 0/1; i=5, j=22
Hello from device! I'm team 343/1024 thread 0/1; i=5, j=23
Hello from device! I'm team 344/1024 thread 0/1; i=5, j=24
Hello from device! I'm team 345/1024 thread 0/1; i=5, j=25
Hello from device! I'm team 346/1024 thread 0/1; i=5, j=26
Hello from device! I'm team 347/1024 thread 0/1; i=5, j=27
Hello from device! I'm team 348/1024 thread 0/1; i=5, j=28
Hello from device! I'm team 349/1024 thread 0/1; i=5, j=29
Hello from device! I'm team 350/1024 thread 0/1; i=5, j=30
Hello from device! I'm team 351/1024 thread 0/1; i=5, j=31
Hello from device! I'm team 352/1024 thread 0/1; i=5, j=32
Hello from device! I'm team 353/1024 thread 0/1; i=5, j=33
Hello from device! I'm team 354/1024 thread 0/1; i=5, j=34
Hello from device! I'm team 355/1024 thread 0/1; i=5, j=35
Hello from device! I'm team 356/1024 thread 0/1; i=5, j=36
Hello from device! I'm team 357/1024 thread 0/1; i=5, j=37
Hello from device! I'm team 358/1024 thread 0/1; i=5, j=38
Hello from device! I'm team 359/1024 thread 0/1; i=5, j=39
Hello from device! I'm team 360/1024 thread 0/1; i=5, j=40
Hello from device! I'm team 361/1024 thread 0/1; i=5, j=41
Hello from device! I'm team 362/1024 thread 0/1; i=5, j=42
Hello from device! I'm team 363/1024 thread 0/1; i=5, j=43
Hello from device! I'm team 364/1024 thread 0/1; i=5, j=44
Hello from device! I'm team 365/1024 thread 0/1; i=5, j=45
Hello from device! I'm team 366/1024 thread 0/1; i=5, j=46
Hello from device! I'm team 367/1024 thread 0/1; i=5, j=47
Hello from device! I'm team 368/1024 thread 0/1; i=5, j=48
Hello from device! I'm team 369/1024 thread 0/1; i=5, j=49
Hello from device! I'm team 370/1024 thread 0/1; i=5, j=50
Hello from device! I'm team 371/1024 thread 0/1; i=5, j=51
Hello from device! I'm team 372/1024 thread 0/1; i=5, j=52
Hello from device! I'm team 373/1024 thread 0/1; i=5, j=53
Hello from device! I'm team 374/1024 thread 0/1; i=5, j=54
Hello from device! I'm team 375/1024 thread 0/1; i=5, j=55
Hello from device! I'm team 376/1024 thread 0/1; i=5, j=56
Hello from device! I'm team 377/1024 thread 0/1; i=5, j=57
Hello from device! I'm team 378/1024 thread 0/1; i=5, j=58
Hello from device! I'm team 379/1024 thread 0/1; i=5, j=59
Hello from device! I'm team 380/1024 thread 0/1; i=5, j=60
Hello from device! I'm team 381/1024 thread 0/1; i=5, j=61
Hello from device! I'm team 382/1024 thread 0/1; i=5, j=62
Hello from device! I'm team 383/1024 thread 0/1; i=5, j=63
Hello from device! I'm team 960/1024 thread 0/1; i=15, j=0
Hello from device! I'm team 961/1024 thread 0/1; i=15, j=1
Hello from device! I'm team 962/1024 thread 0/1; i=15, j=2
Hello from device! I'm team 963/1024 thread 0/1; i=15, j=3
Hello from device! I'm team 964/1024 thread 0/1; i=15, j=4
Hello from device! I'm team 965/1024 thread 0/1; i=15, j=5
Hello from device! I'm team 966/1024 thread 0/1; i=15, j=6
Hello from device! I'm team 967/1024 thread 0/1; i=15, j=7
Hello from device! I'm team 968/1024 thread 0/1; i=15, j=8
Hello from device! I'm team 969/1024 thread 0/1; i=15, j=9
Hello from device! I'm team 970/1024 thread 0/1; i=15, j=10
Hello from device! I'm team 971/1024 thread 0/1; i=15, j=11
Hello from device! I'm team 972/1024 thread 0/1; i=15, j=12
Hello from device! I'm team 973/1024 thread 0/1; i=15, j=13
Hello from device! I'm team 974/1024 thread 0/1; i=15, j=14
Hello from device! I'm team 975/1024 thread 0/1; i=15, j=15
Hello from device! I'm team 976/1024 thread 0/1; i=15, j=16
Hello from device! I'm team 977/1024 thread 0/1; i=15, j=17
Hello from device! I'm team 978/1024 thread 0/1; i=15, j=18
Hello from device! I'm team 979/1024 thread 0/1; i=15, j=19
Hello from device! I'm team 980/1024 thread 0/1; i=15, j=20
Hello from device! I'm team 981/1024 thread 0/1; i=15, j=21
Hello from device! I'm team 982/1024 thread 0/1; i=15, j=22
Hello from device! I'm team 983/1024 thread 0/1; i=15, j=23
Hello from device! I'm team 984/1024 thread 0/1; i=15, j=24
Hello from device! I'm team 985/1024 thread 0/1; i=15, j=25
Hello from device! I'm team 986/1024 thread 0/1; i=15, j=26
Hello from device! I'm team 987/1024 thread 0/1; i=15, j=27
Hello from device! I'm team 988/1024 thread 0/1; i=15, j=28
Hello from device! I'm team 989/1024 thread 0/1; i=15, j=29
Hello from device! I'm team 990/1024 thread 0/1; i=15, j=30
Hello from device! I'm team 991/1024 thread 0/1; i=15, j=31
Hello from device! I'm team 992/1024 thread 0/1; i=15, j=32
Hello from device! I'm team 993/1024 thread 0/1; i=15, j=33
Hello from device! I'm team 994/1024 thread 0/1; i=15, j=34
Hello from device! I'm team 995/1024 thread 0/1; i=15, j=35
Hello from device! I'm team 996/1024 thread 0/1; i=15, j=36
Hello from device! I'm team 997/1024 thread 0/1; i=15, j=37
Hello from device! I'm team 998/1024 thread 0/1; i=15, j=38
Hello from device! I'm team 999/1024 thread 0/1; i=15, j=39
Hello from device! I'm team 1000/1024 thread 0/1; i=15, j=40
Hello from device! I'm team 1001/1024 thread 0/1; i=15, j=41
Hello from device! I'm team 1002/1024 thread 0/1; i=15, j=42
Hello from device! I'm team 1003/1024 thread 0/1; i=15, j=43
Hello from device! I'm team 1004/1024 thread 0/1; i=15, j=44
Hello from device! I'm team 1005/1024 thread 0/1; i=15, j=45
Hello from device! I'm team 1006/1024 thread 0/1; i=15, j=46
Hello from device! I'm team 1007/1024 thread 0/1; i=15, j=47
Hello from device! I'm team 1008/1024 thread 0/1; i=15, j=48
Hello from device! I'm team 1009/1024 thread 0/1; i=15, j=49
Hello from device! I'm team 1010/1024 thread 0/1; i=15, j=50
Hello from device! I'm team 1011/1024 thread 0/1; i=15, j=51
Hello from device! I'm team 1012/1024 thread 0/1; i=15, j=52
Hello from device! I'm team 1013/1024 thread 0/1; i=15, j=53
Hello from device! I'm team 1014/1024 thread 0/1; i=15, j=54
Hello from device! I'm team 1015/1024 thread 0/1; i=15, j=55
Hello from device! I'm team 1016/1024 thread 0/1; i=15, j=56
Hello from device! I'm team 1017/1024 thread 0/1; i=15, j=57
Hello from device! I'm team 1018/1024 thread 0/1; i=15, j=58
Hello from device! I'm team 1019/1024 thread 0/1; i=15, j=59
Hello from device! I'm team 1020/1024 thread 0/1; i=15, j=60
Hello from device! I'm team 1021/1024 thread 0/1; i=15, j=61
Hello from device! I'm team 1022/1024 thread 0/1; i=15, j=62
Hello from device! I'm team 1023/1024 thread 0/1; i=15, j=63
Hello from device! I'm team 704/1024 thread 0/1; i=11, j=0
Hello from device! I'm team 705/1024 thread 0/1; i=11, j=1
Hello from device! I'm team 706/1024 thread 0/1; i=11, j=2
Hello from device! I'm team 707/1024 thread 0/1; i=11, j=3
Hello from device! I'm team 708/1024 thread 0/1; i=11, j=4
Hello from device! I'm team 709/1024 thread 0/1; i=11, j=5
Hello from device! I'm team 710/1024 thread 0/1; i=11, j=6
Hello from device! I'm team 711/1024 thread 0/1; i=11, j=7
Hello from device! I'm team 712/1024 thread 0/1; i=11, j=8
Hello from device! I'm team 713/1024 thread 0/1; i=11, j=9
Hello from device! I'm team 714/1024 thread 0/1; i=11, j=10
Hello from device! I'm team 715/1024 thread 0/1; i=11, j=11
Hello from device! I'm team 716/1024 thread 0/1; i=11, j=12
Hello from device! I'm team 717/1024 thread 0/1; i=11, j=13
Hello from device! I'm team 718/1024 thread 0/1; i=11, j=14
Hello from device! I'm team 719/1024 thread 0/1; i=11, j=15
Hello from device! I'm team 720/1024 thread 0/1; i=11, j=16
Hello from device! I'm team 721/1024 thread 0/1; i=11, j=17
Hello from device! I'm team 722/1024 thread 0/1; i=11, j=18
Hello from device! I'm team 723/1024 thread 0/1; i=11, j=19
Hello from device! I'm team 724/1024 thread 0/1; i=11, j=20
Hello from device! I'm team 725/1024 thread 0/1; i=11, j=21
Hello from device! I'm team 726/1024 thread 0/1; i=11, j=22
Hello from device! I'm team 727/1024 thread 0/1; i=11, j=23
Hello from device! I'm team 728/1024 thread 0/1; i=11, j=24
Hello from device! I'm team 729/1024 thread 0/1; i=11, j=25
Hello from device! I'm team 730/1024 thread 0/1; i=11, j=26
Hello from device! I'm team 731/1024 thread 0/1; i=11, j=27
Hello from device! I'm team 732/1024 thread 0/1; i=11, j=28
Hello from device! I'm team 733/1024 thread 0/1; i=11, j=29
Hello from device! I'm team 734/1024 thread 0/1; i=11, j=30
Hello from device! I'm team 735/1024 thread 0/1; i=11, j=31
Hello from device! I'm team 736/1024 thread 0/1; i=11, j=32
Hello from device! I'm team 737/1024 thread 0/1; i=11, j=33
Hello from device! I'm team 738/1024 thread 0/1; i=11, j=34
Hello from device! I'm team 739/1024 thread 0/1; i=11, j=35
Hello from device! I'm team 740/1024 thread 0/1; i=11, j=36
Hello from device! I'm team 741/1024 thread 0/1; i=11, j=37
Hello from device! I'm team 742/1024 thread 0/1; i=11, j=38
Hello from device! I'm team 743/1024 thread 0/1; i=11, j=39
Hello from device! I'm team 744/1024 thread 0/1; i=11, j=40
Hello from device! I'm team 745/1024 thread 0/1; i=11, j=41
Hello from device! I'm team 746/1024 thread 0/1; i=11, j=42
Hello from device! I'm team 747/1024 thread 0/1; i=11, j=43
Hello from device! I'm team 748/1024 thread 0/1; i=11, j=44
Hello from device! I'm team 749/1024 thread 0/1; i=11, j=45
Hello from device! I'm team 750/1024 thread 0/1; i=11, j=46
Hello from device! I'm team 751/1024 thread 0/1; i=11, j=47
Hello from device! I'm team 752/1024 thread 0/1; i=11, j=48
Hello from device! I'm team 753/1024 thread 0/1; i=11, j=49
Hello from device! I'm team 754/1024 thread 0/1; i=11, j=50
Hello from device! I'm team 755/1024 thread 0/1; i=11, j=51
Hello from device! I'm team 756/1024 thread 0/1; i=11, j=52
Hello from device! I'm team 757/1024 thread 0/1; i=11, j=53
Hello from device! I'm team 758/1024 thread 0/1; i=11, j=54
Hello from device! I'm team 759/1024 thread 0/1; i=11, j=55
Hello from device! I'm team 760/1024 thread 0/1; i=11, j=56
Hello from device! I'm team 761/1024 thread 0/1; i=11, j=57
Hello from device! I'm team 762/1024 thread 0/1; i=11, j=58
Hello from device! I'm team 763/1024 thread 0/1; i=11, j=59
Hello from device! I'm team 764/1024 thread 0/1; i=11, j=60
Hello from device! I'm team 765/1024 thread 0/1; i=11, j=61
Hello from device! I'm team 766/1024 thread 0/1; i=11, j=62
Hello from device! I'm team 767/1024 thread 0/1; i=11, j=63
Hello from device! I'm team 576/1024 thread 0/1; i=9, j=0
Hello from device! I'm team 577/1024 thread 0/1; i=9, j=1
Hello from device! I'm team 578/1024 thread 0/1; i=9, j=2
Hello from device! I'm team 579/1024 thread 0/1; i=9, j=3
Hello from device! I'm team 580/1024 thread 0/1; i=9, j=4
Hello from device! I'm team 581/1024 thread 0/1; i=9, j=5
Hello from device! I'm team 582/1024 thread 0/1; i=9, j=6
Hello from device! I'm team 583/1024 thread 0/1; i=9, j=7
Hello from device! I'm team 584/1024 thread 0/1; i=9, j=8
Hello from device! I'm team 585/1024 thread 0/1; i=9, j=9
Hello from device! I'm team 586/1024 thread 0/1; i=9, j=10
Hello from device! I'm team 587/1024 thread 0/1; i=9, j=11
Hello from device! I'm team 588/1024 thread 0/1; i=9, j=12
Hello from device! I'm team 589/1024 thread 0/1; i=9, j=13
Hello from device! I'm team 590/1024 thread 0/1; i=9, j=14
Hello from device! I'm team 591/1024 thread 0/1; i=9, j=15
Hello from device! I'm team 592/1024 thread 0/1; i=9, j=16
Hello from device! I'm team 593/1024 thread 0/1; i=9, j=17
Hello from device! I'm team 594/1024 thread 0/1; i=9, j=18
Hello from device! I'm team 595/1024 thread 0/1; i=9, j=19
Hello from device! I'm team 596/1024 thread 0/1; i=9, j=20
Hello from device! I'm team 597/1024 thread 0/1; i=9, j=21
Hello from device! I'm team 598/1024 thread 0/1; i=9, j=22
Hello from device! I'm team 599/1024 thread 0/1; i=9, j=23
Hello from device! I'm team 600/1024 thread 0/1; i=9, j=24
Hello from device! I'm team 601/1024 thread 0/1; i=9, j=25
Hello from device! I'm team 602/1024 thread 0/1; i=9, j=26
Hello from device! I'm team 603/1024 thread 0/1; i=9, j=27
Hello from device! I'm team 604/1024 thread 0/1; i=9, j=28
Hello from device! I'm team 605/1024 thread 0/1; i=9, j=29
Hello from device! I'm team 606/1024 thread 0/1; i=9, j=30
Hello from device! I'm team 607/1024 thread 0/1; i=9, j=31
Hello from device! I'm team 608/1024 thread 0/1; i=9, j=32
Hello from device! I'm team 609/1024 thread 0/1; i=9, j=33
Hello from device! I'm team 610/1024 thread 0/1; i=9, j=34
Hello from device! I'm team 611/1024 thread 0/1; i=9, j=35
Hello from device! I'm team 612/1024 thread 0/1; i=9, j=36
Hello from device! I'm team 613/1024 thread 0/1; i=9, j=37
Hello from device! I'm team 614/1024 thread 0/1; i=9, j=38
Hello from device! I'm team 615/1024 thread 0/1; i=9, j=39
Hello from device! I'm team 616/1024 thread 0/1; i=9, j=40
Hello from device! I'm team 617/1024 thread 0/1; i=9, j=41
Hello from device! I'm team 618/1024 thread 0/1; i=9, j=42
Hello from device! I'm team 619/1024 thread 0/1; i=9, j=43
Hello from device! I'm team 620/1024 thread 0/1; i=9, j=44
Hello from device! I'm team 621/1024 thread 0/1; i=9, j=45
Hello from device! I'm team 622/1024 thread 0/1; i=9, j=46
Hello from device! I'm team 623/1024 thread 0/1; i=9, j=47
Hello from device! I'm team 624/1024 thread 0/1; i=9, j=48
Hello from device! I'm team 625/1024 thread 0/1; i=9, j=49
Hello from device! I'm team 626/1024 thread 0/1; i=9, j=50
Hello from device! I'm team 627/1024 thread 0/1; i=9, j=51
Hello from device! I'm team 628/1024 thread 0/1; i=9, j=52
Hello from device! I'm team 629/1024 thread 0/1; i=9, j=53
Hello from device! I'm team 630/1024 thread 0/1; i=9, j=54
Hello from device! I'm team 631/1024 thread 0/1; i=9, j=55
Hello from device! I'm team 632/1024 thread 0/1; i=9, j=56
Hello from device! I'm team 633/1024 thread 0/1; i=9, j=57
Hello from device! I'm team 634/1024 thread 0/1; i=9, j=58
Hello from device! I'm team 635/1024 thread 0/1; i=9, j=59
Hello from device! I'm team 636/1024 thread 0/1; i=9, j=60
Hello from device! I'm team 637/1024 thread 0/1; i=9, j=61
Hello from device! I'm team 638/1024 thread 0/1; i=9, j=62
Hello from device! I'm team 639/1024 thread 0/1; i=9, j=63
Hello from device! I'm team 256/1024 thread 0/1; i=4, j=0
Hello from device! I'm team 257/1024 thread 0/1; i=4, j=1
Hello from device! I'm team 258/1024 thread 0/1; i=4, j=2
Hello from device! I'm team 259/1024 thread 0/1; i=4, j=3
Hello from device! I'm team 260/1024 thread 0/1; i=4, j=4
Hello from device! I'm team 261/1024 thread 0/1; i=4, j=5
Hello from device! I'm team 262/1024 thread 0/1; i=4, j=6
Hello from device! I'm team 263/1024 thread 0/1; i=4, j=7
Hello from device! I'm team 264/1024 thread 0/1; i=4, j=8
Hello from device! I'm team 265/1024 thread 0/1; i=4, j=9
Hello from device! I'm team 266/1024 thread 0/1; i=4, j=10
Hello from device! I'm team 267/1024 thread 0/1; i=4, j=11
Hello from device! I'm team 268/1024 thread 0/1; i=4, j=12
Hello from device! I'm team 269/1024 thread 0/1; i=4, j=13
Hello from device! I'm team 270/1024 thread 0/1; i=4, j=14
Hello from device! I'm team 271/1024 thread 0/1; i=4, j=15
Hello from device! I'm team 272/1024 thread 0/1; i=4, j=16
Hello from device! I'm team 273/1024 thread 0/1; i=4, j=17
Hello from device! I'm team 274/1024 thread 0/1; i=4, j=18
Hello from device! I'm team 275/1024 thread 0/1; i=4, j=19
Hello from device! I'm team 276/1024 thread 0/1; i=4, j=20
Hello from device! I'm team 277/1024 thread 0/1; i=4, j=21
Hello from device! I'm team 278/1024 thread 0/1; i=4, j=22
Hello from device! I'm team 279/1024 thread 0/1; i=4, j=23
Hello from device! I'm team 280/1024 thread 0/1; i=4, j=24
Hello from device! I'm team 281/1024 thread 0/1; i=4, j=25
Hello from device! I'm team 282/1024 thread 0/1; i=4, j=26
Hello from device! I'm team 283/1024 thread 0/1; i=4, j=27
Hello from device! I'm team 284/1024 thread 0/1; i=4, j=28
Hello from device! I'm team 285/1024 thread 0/1; i=4, j=29
Hello from device! I'm team 286/1024 thread 0/1; i=4, j=30
Hello from device! I'm team 287/1024 thread 0/1; i=4, j=31
Hello from device! I'm team 288/1024 thread 0/1; i=4, j=32
Hello from device! I'm team 289/1024 thread 0/1; i=4, j=33
Hello from device! I'm team 290/1024 thread 0/1; i=4, j=34
Hello from device! I'm team 291/1024 thread 0/1; i=4, j=35
Hello from device! I'm team 292/1024 thread 0/1; i=4, j=36
Hello from device! I'm team 293/1024 thread 0/1; i=4, j=37
Hello from device! I'm team 294/1024 thread 0/1; i=4, j=38
Hello from device! I'm team 295/1024 thread 0/1; i=4, j=39
Hello from device! I'm team 296/1024 thread 0/1; i=4, j=40
Hello from device! I'm team 297/1024 thread 0/1; i=4, j=41
Hello from device! I'm team 298/1024 thread 0/1; i=4, j=42
Hello from device! I'm team 299/1024 thread 0/1; i=4, j=43
Hello from device! I'm team 300/1024 thread 0/1; i=4, j=44
Hello from device! I'm team 301/1024 thread 0/1; i=4, j=45
Hello from device! I'm team 302/1024 thread 0/1; i=4, j=46
Hello from device! I'm team 303/1024 thread 0/1; i=4, j=47
Hello from device! I'm team 304/1024 thread 0/1; i=4, j=48
Hello from device! I'm team 305/1024 thread 0/1; i=4, j=49
Hello from device! I'm team 306/1024 thread 0/1; i=4, j=50
Hello from device! I'm team 307/1024 thread 0/1; i=4, j=51
Hello from device! I'm team 308/1024 thread 0/1; i=4, j=52
Hello from device! I'm team 309/1024 thread 0/1; i=4, j=53
Hello from device! I'm team 310/1024 thread 0/1; i=4, j=54
Hello from device! I'm team 311/1024 thread 0/1; i=4, j=55
Hello from device! I'm team 312/1024 thread 0/1; i=4, j=56
Hello from device! I'm team 313/1024 thread 0/1; i=4, j=57
Hello from device! I'm team 314/1024 thread 0/1; i=4, j=58
Hello from device! I'm team 315/1024 thread 0/1; i=4, j=59
Hello from device! I'm team 316/1024 thread 0/1; i=4, j=60
Hello from device! I'm team 317/1024 thread 0/1; i=4, j=61
Hello from device! I'm team 318/1024 thread 0/1; i=4, j=62
Hello from device! I'm team 319/1024 thread 0/1; i=4, j=63
Hello from device! I'm team 832/1024 thread 0/1; i=13, j=0
Hello from device! I'm team 833/1024 thread 0/1; i=13, j=1
Hello from device! I'm team 834/1024 thread 0/1; i=13, j=2
Hello from device! I'm team 835/1024 thread 0/1; i=13, j=3
Hello from device! I'm team 836/1024 thread 0/1; i=13, j=4
Hello from device! I'm team 837/1024 thread 0/1; i=13, j=5
Hello from device! I'm team 838/1024 thread 0/1; i=13, j=6
Hello from device! I'm team 839/1024 thread 0/1; i=13, j=7
Hello from device! I'm team 840/1024 thread 0/1; i=13, j=8
Hello from device! I'm team 841/1024 thread 0/1; i=13, j=9
Hello from device! I'm team 842/1024 thread 0/1; i=13, j=10
Hello from device! I'm team 843/1024 thread 0/1; i=13, j=11
Hello from device! I'm team 844/1024 thread 0/1; i=13, j=12
Hello from device! I'm team 845/1024 thread 0/1; i=13, j=13
Hello from device! I'm team 846/1024 thread 0/1; i=13, j=14
Hello from device! I'm team 847/1024 thread 0/1; i=13, j=15
Hello from device! I'm team 848/1024 thread 0/1; i=13, j=16
Hello from device! I'm team 849/1024 thread 0/1; i=13, j=17
Hello from device! I'm team 850/1024 thread 0/1; i=13, j=18
Hello from device! I'm team 851/1024 thread 0/1; i=13, j=19
Hello from device! I'm team 852/1024 thread 0/1; i=13, j=20
Hello from device! I'm team 853/1024 thread 0/1; i=13, j=21
Hello from device! I'm team 854/1024 thread 0/1; i=13, j=22
Hello from device! I'm team 855/1024 thread 0/1; i=13, j=23
Hello from device! I'm team 856/1024 thread 0/1; i=13, j=24
Hello from device! I'm team 857/1024 thread 0/1; i=13, j=25
Hello from device! I'm team 858/1024 thread 0/1; i=13, j=26
Hello from device! I'm team 859/1024 thread 0/1; i=13, j=27
Hello from device! I'm team 860/1024 thread 0/1; i=13, j=28
Hello from device! I'm team 861/1024 thread 0/1; i=13, j=29
Hello from device! I'm team 862/1024 thread 0/1; i=13, j=30
Hello from device! I'm team 863/1024 thread 0/1; i=13, j=31
Hello from device! I'm team 864/1024 thread 0/1; i=13, j=32
Hello from device! I'm team 865/1024 thread 0/1; i=13, j=33
Hello from device! I'm team 866/1024 thread 0/1; i=13, j=34
Hello from device! I'm team 867/1024 thread 0/1; i=13, j=35
Hello from device! I'm team 868/1024 thread 0/1; i=13, j=36
Hello from device! I'm team 869/1024 thread 0/1; i=13, j=37
Hello from device! I'm team 870/1024 thread 0/1; i=13, j=38
Hello from device! I'm team 871/1024 thread 0/1; i=13, j=39
Hello from device! I'm team 872/1024 thread 0/1; i=13, j=40
Hello from device! I'm team 873/1024 thread 0/1; i=13, j=41
Hello from device! I'm team 874/1024 thread 0/1; i=13, j=42
Hello from device! I'm team 875/1024 thread 0/1; i=13, j=43
Hello from device! I'm team 876/1024 thread 0/1; i=13, j=44
Hello from device! I'm team 877/1024 thread 0/1; i=13, j=45
Hello from device! I'm team 878/1024 thread 0/1; i=13, j=46
Hello from device! I'm team 879/1024 thread 0/1; i=13, j=47
Hello from device! I'm team 880/1024 thread 0/1; i=13, j=48
Hello from device! I'm team 881/1024 thread 0/1; i=13, j=49
Hello from device! I'm team 882/1024 thread 0/1; i=13, j=50
Hello from device! I'm team 883/1024 thread 0/1; i=13, j=51
Hello from device! I'm team 884/1024 thread 0/1; i=13, j=52
Hello from device! I'm team 885/1024 thread 0/1; i=13, j=53
Hello from device! I'm team 886/1024 thread 0/1; i=13, j=54
Hello from device! I'm team 887/1024 thread 0/1; i=13, j=55
Hello from device! I'm team 888/1024 thread 0/1; i=13, j=56
Hello from device! I'm team 889/1024 thread 0/1; i=13, j=57
Hello from device! I'm team 890/1024 thread 0/1; i=13, j=58
Hello from device! I'm team 891/1024 thread 0/1; i=13, j=59
Hello from device! I'm team 892/1024 thread 0/1; i=13, j=60
Hello from device! I'm team 893/1024 thread 0/1; i=13, j=61
Hello from device! I'm team 894/1024 thread 0/1; i=13, j=62
Hello from device! I'm team 895/1024 thread 0/1; i=13, j=63
Hello from device! I'm team 64/1024 thread 0/1; i=1, j=0
Hello from device! I'm team 65/1024 thread 0/1; i=1, j=1
Hello from device! I'm team 66/1024 thread 0/1; i=1, j=2
Hello from device! I'm team 67/1024 thread 0/1; i=1, j=3
Hello from device! I'm team 68/1024 thread 0/1; i=1, j=4
Hello from device! I'm team 69/1024 thread 0/1; i=1, j=5
Hello from device! I'm team 70/1024 thread 0/1; i=1, j=6
Hello from device! I'm team 71/1024 thread 0/1; i=1, j=7
Hello from device! I'm team 72/1024 thread 0/1; i=1, j=8
Hello from device! I'm team 73/1024 thread 0/1; i=1, j=9
Hello from device! I'm team 74/1024 thread 0/1; i=1, j=10
Hello from device! I'm team 75/1024 thread 0/1; i=1, j=11
Hello from device! I'm team 76/1024 thread 0/1; i=1, j=12
Hello from device! I'm team 77/1024 thread 0/1; i=1, j=13
Hello from device! I'm team 78/1024 thread 0/1; i=1, j=14
Hello from device! I'm team 79/1024 thread 0/1; i=1, j=15
Hello from device! I'm team 80/1024 thread 0/1; i=1, j=16
Hello from device! I'm team 81/1024 thread 0/1; i=1, j=17
Hello from device! I'm team 82/1024 thread 0/1; i=1, j=18
Hello from device! I'm team 83/1024 thread 0/1; i=1, j=19
Hello from device! I'm team 84/1024 thread 0/1; i=1, j=20
Hello from device! I'm team 85/1024 thread 0/1; i=1, j=21
Hello from device! I'm team 86/1024 thread 0/1; i=1, j=22
Hello from device! I'm team 87/1024 thread 0/1; i=1, j=23
Hello from device! I'm team 88/1024 thread 0/1; i=1, j=24
Hello from device! I'm team 89/1024 thread 0/1; i=1, j=25
Hello from device! I'm team 90/1024 thread 0/1; i=1, j=26
Hello from device! I'm team 91/1024 thread 0/1; i=1, j=27
Hello from device! I'm team 92/1024 thread 0/1; i=1, j=28
Hello from device! I'm team 93/1024 thread 0/1; i=1, j=29
Hello from device! I'm team 94/1024 thread 0/1; i=1, j=30
Hello from device! I'm team 95/1024 thread 0/1; i=1, j=31
Hello from device! I'm team 96/1024 thread 0/1; i=1, j=32
Hello from device! I'm team 97/1024 thread 0/1; i=1, j=33
Hello from device! I'm team 98/1024 thread 0/1; i=1, j=34
Hello from device! I'm team 99/1024 thread 0/1; i=1, j=35
Hello from device! I'm team 100/1024 thread 0/1; i=1, j=36
Hello from device! I'm team 101/1024 thread 0/1; i=1, j=37
Hello from device! I'm team 102/1024 thread 0/1; i=1, j=38
Hello from device! I'm team 103/1024 thread 0/1; i=1, j=39
Hello from device! I'm team 104/1024 thread 0/1; i=1, j=40
Hello from device! I'm team 105/1024 thread 0/1; i=1, j=41
Hello from device! I'm team 106/1024 thread 0/1; i=1, j=42
Hello from device! I'm team 107/1024 thread 0/1; i=1, j=43
Hello from device! I'm team 108/1024 thread 0/1; i=1, j=44
Hello from device! I'm team 109/1024 thread 0/1; i=1, j=45
Hello from device! I'm team 110/1024 thread 0/1; i=1, j=46
Hello from device! I'm team 111/1024 thread 0/1; i=1, j=47
Hello from device! I'm team 112/1024 thread 0/1; i=1, j=48
Hello from device! I'm team 113/1024 thread 0/1; i=1, j=49
Hello from device! I'm team 114/1024 thread 0/1; i=1, j=50
Hello from device! I'm team 115/1024 thread 0/1; i=1, j=51
Hello from device! I'm team 116/1024 thread 0/1; i=1, j=52
Hello from device! I'm team 117/1024 thread 0/1; i=1, j=53
Hello from device! I'm team 118/1024 thread 0/1; i=1, j=54
Hello from device! I'm team 119/1024 thread 0/1; i=1, j=55
Hello from device! I'm team 120/1024 thread 0/1; i=1, j=56
Hello from device! I'm team 121/1024 thread 0/1; i=1, j=57
Hello from device! I'm team 122/1024 thread 0/1; i=1, j=58
Hello from device! I'm team 123/1024 thread 0/1; i=1, j=59
Hello from device! I'm team 124/1024 thread 0/1; i=1, j=60
Hello from device! I'm team 125/1024 thread 0/1; i=1, j=61
Hello from device! I'm team 126/1024 thread 0/1; i=1, j=62
Hello from device! I'm team 127/1024 thread 0/1; i=1, j=63
