ACC: Version 6.0 of HIP already initialized, runtime version 60342134
ACC: Get Device 0
ACC: Set Thread Context
ACC: Start transfer 0 items from hello-05.cpp:17
ACC: End transfer (to acc 0 bytes, to host 0 bytes)
ACC: Execute kernel __omp_offloading_73ac72ce_c4009b7f_main_l17 blocks:220 threads:256 from hello-05.cpp:17
ACC: Start transfer 0 items from hello-05.cpp:17
ACC: End transfer (to acc 0 bytes, to host 0 bytes)
Hello from host!
Hello from device! I'm team 171/220 thread 0/256; i=0, j=0
Hello from device! I'm team 171/220 thread 1/256; i=0, j=0
Hello from device! I'm team 171/220 thread 2/256; i=0, j=0
Hello from device! I'm team 171/220 thread 3/256; i=0, j=0
Hello from device! I'm team 171/220 thread 4/256; i=0, j=0
Hello from device! I'm team 171/220 thread 5/256; i=0, j=0
Hello from device! I'm team 171/220 thread 6/256; i=0, j=0
Hello from device! I'm team 171/220 thread 7/256; i=0, j=0
Hello from device! I'm team 171/220 thread 8/256; i=0, j=0
Hello from device! I'm team 171/220 thread 9/256; i=0, j=0
...
Hello from device! I'm team 171/220 thread 0/256; i=0, j=2
Hello from device! I'm team 171/220 thread 1/256; i=0, j=2
Hello from device! I'm team 171/220 thread 2/256; i=0, j=2
Hello from device! I'm team 171/220 thread 3/256; i=0, j=2
Hello from device! I'm team 171/220 thread 4/256; i=0, j=2
Hello from device! I'm team 171/220 thread 5/256; i=0, j=2
Hello from device! I'm team 171/220 thread 6/256; i=0, j=2
Hello from device! I'm team 171/220 thread 7/256; i=0, j=2
Hello from device! I'm team 171/220 thread 8/256; i=0, j=2
Hello from device! I'm team 171/220 thread 9/256; i=0, j=2
...
Hello from device! I'm team 171/220 thread 0/256; i=1, j=2
Hello from device! I'm team 171/220 thread 1/256; i=1, j=2
Hello from device! I'm team 171/220 thread 2/256; i=1, j=2
Hello from device! I'm team 171/220 thread 3/256; i=1, j=2
Hello from device! I'm team 171/220 thread 4/256; i=1, j=2
Hello from device! I'm team 171/220 thread 5/256; i=1, j=2
Hello from device! I'm team 171/220 thread 6/256; i=1, j=2
Hello from device! I'm team 171/220 thread 7/256; i=1, j=2
Hello from device! I'm team 171/220 thread 8/256; i=1, j=2
Hello from device! I'm team 171/220 thread 9/256; i=1, j=2
...
