ACC: Version 6.0 of HIP already initialized, runtime version 60342134
ACC: Get Device 0
ACC: Set Thread Context
ACC: Start transfer 0 items from hello-09.cpp:17
ACC: End transfer (to acc 0 bytes, to host 0 bytes)
ACC: Execute kernel __omp_offloading_73ac72ce_c4009b83_main_l17_cce$noloop$form blocks:4 threads:256 from hello-09.cpp:17
ACC: Start transfer 0 items from hello-09.cpp:17
ACC: End transfer (to acc 0 bytes, to host 0 bytes)
Hello from host!
Hello from device! I'm team 0/4 thread 0/256; i=0, j=0
Hello from device! I'm team 0/4 thread 1/256; i=0, j=1
Hello from device! I'm team 0/4 thread 2/256; i=0, j=2
Hello from device! I'm team 0/4 thread 3/256; i=0, j=3
Hello from device! I'm team 0/4 thread 4/256; i=0, j=4
Hello from device! I'm team 0/4 thread 5/256; i=0, j=5
Hello from device! I'm team 0/4 thread 6/256; i=0, j=6
Hello from device! I'm team 0/4 thread 7/256; i=0, j=7
Hello from device! I'm team 0/4 thread 8/256; i=0, j=8
Hello from device! I'm team 0/4 thread 9/256; i=0, j=9
Hello from device! I'm team 0/4 thread 10/256; i=0, j=10
Hello from device! I'm team 0/4 thread 11/256; i=0, j=11
Hello from device! I'm team 0/4 thread 12/256; i=0, j=12
Hello from device! I'm team 0/4 thread 13/256; i=0, j=13
Hello from device! I'm team 0/4 thread 14/256; i=0, j=14
Hello from device! I'm team 0/4 thread 15/256; i=0, j=15
Hello from device! I'm team 0/4 thread 16/256; i=0, j=16
Hello from device! I'm team 0/4 thread 17/256; i=0, j=17
Hello from device! I'm team 0/4 thread 18/256; i=0, j=18
Hello from device! I'm team 0/4 thread 19/256; i=0, j=19
Hello from device! I'm team 0/4 thread 20/256; i=0, j=20
Hello from device! I'm team 0/4 thread 21/256; i=0, j=21
Hello from device! I'm team 0/4 thread 22/256; i=0, j=22
Hello from device! I'm team 0/4 thread 23/256; i=0, j=23
Hello from device! I'm team 0/4 thread 24/256; i=0, j=24
Hello from device! I'm team 0/4 thread 25/256; i=0, j=25
Hello from device! I'm team 0/4 thread 26/256; i=0, j=26
Hello from device! I'm team 0/4 thread 27/256; i=0, j=27
Hello from device! I'm team 0/4 thread 28/256; i=0, j=28
Hello from device! I'm team 0/4 thread 29/256; i=0, j=29
Hello from device! I'm team 0/4 thread 30/256; i=0, j=30
Hello from device! I'm team 0/4 thread 31/256; i=0, j=31
Hello from device! I'm team 0/4 thread 32/256; i=0, j=32
Hello from device! I'm team 0/4 thread 33/256; i=0, j=33
Hello from device! I'm team 0/4 thread 34/256; i=0, j=34
Hello from device! I'm team 0/4 thread 35/256; i=0, j=35
Hello from device! I'm team 0/4 thread 36/256; i=0, j=36
Hello from device! I'm team 0/4 thread 37/256; i=0, j=37
Hello from device! I'm team 0/4 thread 38/256; i=0, j=38
Hello from device! I'm team 0/4 thread 39/256; i=0, j=39
Hello from device! I'm team 0/4 thread 40/256; i=0, j=40
Hello from device! I'm team 0/4 thread 41/256; i=0, j=41
Hello from device! I'm team 0/4 thread 42/256; i=0, j=42
Hello from device! I'm team 0/4 thread 43/256; i=0, j=43
Hello from device! I'm team 0/4 thread 44/256; i=0, j=44
Hello from device! I'm team 0/4 thread 45/256; i=0, j=45
Hello from device! I'm team 0/4 thread 46/256; i=0, j=46
Hello from device! I'm team 0/4 thread 47/256; i=0, j=47
Hello from device! I'm team 0/4 thread 48/256; i=0, j=48
Hello from device! I'm team 0/4 thread 49/256; i=0, j=49
Hello from device! I'm team 0/4 thread 50/256; i=0, j=50
Hello from device! I'm team 0/4 thread 51/256; i=0, j=51
Hello from device! I'm team 0/4 thread 52/256; i=0, j=52
Hello from device! I'm team 0/4 thread 53/256; i=0, j=53
Hello from device! I'm team 0/4 thread 54/256; i=0, j=54
Hello from device! I'm team 0/4 thread 55/256; i=0, j=55
Hello from device! I'm team 0/4 thread 56/256; i=0, j=56
Hello from device! I'm team 0/4 thread 57/256; i=0, j=57
Hello from device! I'm team 0/4 thread 58/256; i=0, j=58
Hello from device! I'm team 0/4 thread 59/256; i=0, j=59
Hello from device! I'm team 0/4 thread 60/256; i=0, j=60
Hello from device! I'm team 0/4 thread 61/256; i=0, j=61
Hello from device! I'm team 0/4 thread 62/256; i=0, j=62
Hello from device! I'm team 0/4 thread 63/256; i=0, j=63
Hello from device! I'm team 2/4 thread 0/256; i=8, j=0
Hello from device! I'm team 2/4 thread 1/256; i=8, j=1
Hello from device! I'm team 2/4 thread 2/256; i=8, j=2
Hello from device! I'm team 2/4 thread 3/256; i=8, j=3
Hello from device! I'm team 2/4 thread 4/256; i=8, j=4
Hello from device! I'm team 2/4 thread 5/256; i=8, j=5
Hello from device! I'm team 2/4 thread 6/256; i=8, j=6
Hello from device! I'm team 2/4 thread 7/256; i=8, j=7
Hello from device! I'm team 2/4 thread 8/256; i=8, j=8
Hello from device! I'm team 2/4 thread 9/256; i=8, j=9
Hello from device! I'm team 2/4 thread 10/256; i=8, j=10
Hello from device! I'm team 2/4 thread 11/256; i=8, j=11
Hello from device! I'm team 2/4 thread 12/256; i=8, j=12
Hello from device! I'm team 2/4 thread 13/256; i=8, j=13
Hello from device! I'm team 2/4 thread 14/256; i=8, j=14
Hello from device! I'm team 2/4 thread 15/256; i=8, j=15
Hello from device! I'm team 2/4 thread 16/256; i=8, j=16
Hello from device! I'm team 2/4 thread 17/256; i=8, j=17
Hello from device! I'm team 2/4 thread 18/256; i=8, j=18
Hello from device! I'm team 2/4 thread 19/256; i=8, j=19
Hello from device! I'm team 2/4 thread 20/256; i=8, j=20
Hello from device! I'm team 2/4 thread 21/256; i=8, j=21
Hello from device! I'm team 2/4 thread 22/256; i=8, j=22
Hello from device! I'm team 2/4 thread 23/256; i=8, j=23
Hello from device! I'm team 2/4 thread 24/256; i=8, j=24
Hello from device! I'm team 2/4 thread 25/256; i=8, j=25
Hello from device! I'm team 2/4 thread 26/256; i=8, j=26
Hello from device! I'm team 2/4 thread 27/256; i=8, j=27
Hello from device! I'm team 2/4 thread 28/256; i=8, j=28
Hello from device! I'm team 2/4 thread 29/256; i=8, j=29
Hello from device! I'm team 2/4 thread 30/256; i=8, j=30
Hello from device! I'm team 2/4 thread 31/256; i=8, j=31
Hello from device! I'm team 2/4 thread 32/256; i=8, j=32
Hello from device! I'm team 2/4 thread 33/256; i=8, j=33
Hello from device! I'm team 2/4 thread 34/256; i=8, j=34
Hello from device! I'm team 2/4 thread 35/256; i=8, j=35
Hello from device! I'm team 2/4 thread 36/256; i=8, j=36
Hello from device! I'm team 2/4 thread 37/256; i=8, j=37
Hello from device! I'm team 2/4 thread 38/256; i=8, j=38
Hello from device! I'm team 2/4 thread 39/256; i=8, j=39
Hello from device! I'm team 2/4 thread 40/256; i=8, j=40
Hello from device! I'm team 2/4 thread 41/256; i=8, j=41
Hello from device! I'm team 2/4 thread 42/256; i=8, j=42
Hello from device! I'm team 2/4 thread 43/256; i=8, j=43
Hello from device! I'm team 2/4 thread 44/256; i=8, j=44
Hello from device! I'm team 2/4 thread 45/256; i=8, j=45
Hello from device! I'm team 2/4 thread 46/256; i=8, j=46
Hello from device! I'm team 2/4 thread 47/256; i=8, j=47
Hello from device! I'm team 2/4 thread 48/256; i=8, j=48
Hello from device! I'm team 2/4 thread 49/256; i=8, j=49
Hello from device! I'm team 2/4 thread 50/256; i=8, j=50
Hello from device! I'm team 2/4 thread 51/256; i=8, j=51
Hello from device! I'm team 2/4 thread 52/256; i=8, j=52
Hello from device! I'm team 2/4 thread 53/256; i=8, j=53
Hello from device! I'm team 2/4 thread 54/256; i=8, j=54
Hello from device! I'm team 2/4 thread 55/256; i=8, j=55
Hello from device! I'm team 2/4 thread 56/256; i=8, j=56
Hello from device! I'm team 2/4 thread 57/256; i=8, j=57
Hello from device! I'm team 2/4 thread 58/256; i=8, j=58
Hello from device! I'm team 2/4 thread 59/256; i=8, j=59
Hello from device! I'm team 2/4 thread 60/256; i=8, j=60
Hello from device! I'm team 2/4 thread 61/256; i=8, j=61
Hello from device! I'm team 2/4 thread 62/256; i=8, j=62
Hello from device! I'm team 2/4 thread 63/256; i=8, j=63
Hello from device! I'm team 2/4 thread 64/256; i=9, j=0
Hello from device! I'm team 2/4 thread 65/256; i=9, j=1
Hello from device! I'm team 2/4 thread 66/256; i=9, j=2
Hello from device! I'm team 2/4 thread 67/256; i=9, j=3
Hello from device! I'm team 2/4 thread 68/256; i=9, j=4
Hello from device! I'm team 2/4 thread 69/256; i=9, j=5
Hello from device! I'm team 2/4 thread 70/256; i=9, j=6
Hello from device! I'm team 2/4 thread 71/256; i=9, j=7
Hello from device! I'm team 2/4 thread 72/256; i=9, j=8
Hello from device! I'm team 2/4 thread 73/256; i=9, j=9
Hello from device! I'm team 2/4 thread 74/256; i=9, j=10
Hello from device! I'm team 2/4 thread 75/256; i=9, j=11
Hello from device! I'm team 2/4 thread 76/256; i=9, j=12
Hello from device! I'm team 2/4 thread 77/256; i=9, j=13
Hello from device! I'm team 2/4 thread 78/256; i=9, j=14
Hello from device! I'm team 2/4 thread 79/256; i=9, j=15
Hello from device! I'm team 2/4 thread 80/256; i=9, j=16
Hello from device! I'm team 2/4 thread 81/256; i=9, j=17
Hello from device! I'm team 2/4 thread 82/256; i=9, j=18
Hello from device! I'm team 2/4 thread 83/256; i=9, j=19
Hello from device! I'm team 2/4 thread 84/256; i=9, j=20
Hello from device! I'm team 2/4 thread 85/256; i=9, j=21
Hello from device! I'm team 2/4 thread 86/256; i=9, j=22
Hello from device! I'm team 2/4 thread 87/256; i=9, j=23
Hello from device! I'm team 2/4 thread 88/256; i=9, j=24
Hello from device! I'm team 2/4 thread 89/256; i=9, j=25
Hello from device! I'm team 2/4 thread 90/256; i=9, j=26
Hello from device! I'm team 2/4 thread 91/256; i=9, j=27
Hello from device! I'm team 2/4 thread 92/256; i=9, j=28
Hello from device! I'm team 2/4 thread 93/256; i=9, j=29
Hello from device! I'm team 2/4 thread 94/256; i=9, j=30
Hello from device! I'm team 2/4 thread 95/256; i=9, j=31
Hello from device! I'm team 2/4 thread 96/256; i=9, j=32
Hello from device! I'm team 2/4 thread 97/256; i=9, j=33
Hello from device! I'm team 2/4 thread 98/256; i=9, j=34
Hello from device! I'm team 2/4 thread 99/256; i=9, j=35
Hello from device! I'm team 2/4 thread 100/256; i=9, j=36
Hello from device! I'm team 2/4 thread 101/256; i=9, j=37
Hello from device! I'm team 2/4 thread 102/256; i=9, j=38
Hello from device! I'm team 2/4 thread 103/256; i=9, j=39
Hello from device! I'm team 2/4 thread 104/256; i=9, j=40
Hello from device! I'm team 2/4 thread 105/256; i=9, j=41
Hello from device! I'm team 2/4 thread 106/256; i=9, j=42
Hello from device! I'm team 2/4 thread 107/256; i=9, j=43
Hello from device! I'm team 2/4 thread 108/256; i=9, j=44
Hello from device! I'm team 2/4 thread 109/256; i=9, j=45
Hello from device! I'm team 2/4 thread 110/256; i=9, j=46
Hello from device! I'm team 2/4 thread 111/256; i=9, j=47
Hello from device! I'm team 2/4 thread 112/256; i=9, j=48
Hello from device! I'm team 2/4 thread 113/256; i=9, j=49
Hello from device! I'm team 2/4 thread 114/256; i=9, j=50
Hello from device! I'm team 2/4 thread 115/256; i=9, j=51
Hello from device! I'm team 2/4 thread 116/256; i=9, j=52
Hello from device! I'm team 2/4 thread 117/256; i=9, j=53
Hello from device! I'm team 2/4 thread 118/256; i=9, j=54
Hello from device! I'm team 2/4 thread 119/256; i=9, j=55
Hello from device! I'm team 2/4 thread 120/256; i=9, j=56
Hello from device! I'm team 2/4 thread 121/256; i=9, j=57
Hello from device! I'm team 2/4 thread 122/256; i=9, j=58
Hello from device! I'm team 2/4 thread 123/256; i=9, j=59
Hello from device! I'm team 2/4 thread 124/256; i=9, j=60
Hello from device! I'm team 2/4 thread 125/256; i=9, j=61
Hello from device! I'm team 2/4 thread 126/256; i=9, j=62
Hello from device! I'm team 2/4 thread 127/256; i=9, j=63
Hello from device! I'm team 1/4 thread 128/256; i=6, j=0
Hello from device! I'm team 1/4 thread 129/256; i=6, j=1
Hello from device! I'm team 1/4 thread 130/256; i=6, j=2
Hello from device! I'm team 1/4 thread 131/256; i=6, j=3
Hello from device! I'm team 1/4 thread 132/256; i=6, j=4
Hello from device! I'm team 1/4 thread 133/256; i=6, j=5
Hello from device! I'm team 1/4 thread 134/256; i=6, j=6
Hello from device! I'm team 1/4 thread 135/256; i=6, j=7
Hello from device! I'm team 1/4 thread 136/256; i=6, j=8
Hello from device! I'm team 1/4 thread 137/256; i=6, j=9
Hello from device! I'm team 1/4 thread 138/256; i=6, j=10
Hello from device! I'm team 1/4 thread 139/256; i=6, j=11
Hello from device! I'm team 1/4 thread 140/256; i=6, j=12
Hello from device! I'm team 1/4 thread 141/256; i=6, j=13
Hello from device! I'm team 1/4 thread 142/256; i=6, j=14
Hello from device! I'm team 1/4 thread 143/256; i=6, j=15
Hello from device! I'm team 1/4 thread 144/256; i=6, j=16
Hello from device! I'm team 1/4 thread 145/256; i=6, j=17
Hello from device! I'm team 1/4 thread 146/256; i=6, j=18
Hello from device! I'm team 1/4 thread 147/256; i=6, j=19
Hello from device! I'm team 1/4 thread 148/256; i=6, j=20
Hello from device! I'm team 1/4 thread 149/256; i=6, j=21
Hello from device! I'm team 1/4 thread 150/256; i=6, j=22
Hello from device! I'm team 1/4 thread 151/256; i=6, j=23
Hello from device! I'm team 1/4 thread 152/256; i=6, j=24
Hello from device! I'm team 1/4 thread 153/256; i=6, j=25
Hello from device! I'm team 1/4 thread 154/256; i=6, j=26
Hello from device! I'm team 1/4 thread 155/256; i=6, j=27
Hello from device! I'm team 1/4 thread 156/256; i=6, j=28
Hello from device! I'm team 1/4 thread 157/256; i=6, j=29
Hello from device! I'm team 1/4 thread 158/256; i=6, j=30
Hello from device! I'm team 1/4 thread 159/256; i=6, j=31
Hello from device! I'm team 1/4 thread 160/256; i=6, j=32
Hello from device! I'm team 1/4 thread 161/256; i=6, j=33
Hello from device! I'm team 1/4 thread 162/256; i=6, j=34
Hello from device! I'm team 1/4 thread 163/256; i=6, j=35
Hello from device! I'm team 1/4 thread 164/256; i=6, j=36
Hello from device! I'm team 1/4 thread 165/256; i=6, j=37
Hello from device! I'm team 1/4 thread 166/256; i=6, j=38
Hello from device! I'm team 1/4 thread 167/256; i=6, j=39
Hello from device! I'm team 1/4 thread 168/256; i=6, j=40
Hello from device! I'm team 1/4 thread 169/256; i=6, j=41
Hello from device! I'm team 1/4 thread 170/256; i=6, j=42
Hello from device! I'm team 1/4 thread 171/256; i=6, j=43
Hello from device! I'm team 1/4 thread 172/256; i=6, j=44
Hello from device! I'm team 1/4 thread 173/256; i=6, j=45
Hello from device! I'm team 1/4 thread 174/256; i=6, j=46
Hello from device! I'm team 1/4 thread 175/256; i=6, j=47
Hello from device! I'm team 1/4 thread 176/256; i=6, j=48
Hello from device! I'm team 1/4 thread 177/256; i=6, j=49
Hello from device! I'm team 1/4 thread 178/256; i=6, j=50
Hello from device! I'm team 1/4 thread 179/256; i=6, j=51
Hello from device! I'm team 1/4 thread 180/256; i=6, j=52
Hello from device! I'm team 1/4 thread 181/256; i=6, j=53
Hello from device! I'm team 1/4 thread 182/256; i=6, j=54
Hello from device! I'm team 1/4 thread 183/256; i=6, j=55
Hello from device! I'm team 1/4 thread 184/256; i=6, j=56
Hello from device! I'm team 1/4 thread 185/256; i=6, j=57
Hello from device! I'm team 1/4 thread 186/256; i=6, j=58
Hello from device! I'm team 1/4 thread 187/256; i=6, j=59
Hello from device! I'm team 1/4 thread 188/256; i=6, j=60
Hello from device! I'm team 1/4 thread 189/256; i=6, j=61
Hello from device! I'm team 1/4 thread 190/256; i=6, j=62
Hello from device! I'm team 1/4 thread 191/256; i=6, j=63
Hello from device! I'm team 2/4 thread 192/256; i=11, j=0
Hello from device! I'm team 2/4 thread 193/256; i=11, j=1
Hello from device! I'm team 2/4 thread 194/256; i=11, j=2
Hello from device! I'm team 2/4 thread 195/256; i=11, j=3
Hello from device! I'm team 2/4 thread 196/256; i=11, j=4
Hello from device! I'm team 2/4 thread 197/256; i=11, j=5
Hello from device! I'm team 2/4 thread 198/256; i=11, j=6
Hello from device! I'm team 2/4 thread 199/256; i=11, j=7
Hello from device! I'm team 2/4 thread 200/256; i=11, j=8
Hello from device! I'm team 2/4 thread 201/256; i=11, j=9
Hello from device! I'm team 2/4 thread 202/256; i=11, j=10
Hello from device! I'm team 2/4 thread 203/256; i=11, j=11
Hello from device! I'm team 2/4 thread 204/256; i=11, j=12
Hello from device! I'm team 2/4 thread 205/256; i=11, j=13
Hello from device! I'm team 2/4 thread 206/256; i=11, j=14
Hello from device! I'm team 2/4 thread 207/256; i=11, j=15
Hello from device! I'm team 2/4 thread 208/256; i=11, j=16
Hello from device! I'm team 2/4 thread 209/256; i=11, j=17
Hello from device! I'm team 2/4 thread 210/256; i=11, j=18
Hello from device! I'm team 2/4 thread 211/256; i=11, j=19
Hello from device! I'm team 2/4 thread 212/256; i=11, j=20
Hello from device! I'm team 2/4 thread 213/256; i=11, j=21
Hello from device! I'm team 2/4 thread 214/256; i=11, j=22
Hello from device! I'm team 2/4 thread 215/256; i=11, j=23
Hello from device! I'm team 2/4 thread 216/256; i=11, j=24
Hello from device! I'm team 2/4 thread 217/256; i=11, j=25
Hello from device! I'm team 2/4 thread 218/256; i=11, j=26
Hello from device! I'm team 2/4 thread 219/256; i=11, j=27
Hello from device! I'm team 2/4 thread 220/256; i=11, j=28
Hello from device! I'm team 2/4 thread 221/256; i=11, j=29
Hello from device! I'm team 2/4 thread 222/256; i=11, j=30
Hello from device! I'm team 2/4 thread 223/256; i=11, j=31
Hello from device! I'm team 2/4 thread 224/256; i=11, j=32
Hello from device! I'm team 2/4 thread 225/256; i=11, j=33
Hello from device! I'm team 2/4 thread 226/256; i=11, j=34
Hello from device! I'm team 2/4 thread 227/256; i=11, j=35
Hello from device! I'm team 2/4 thread 228/256; i=11, j=36
Hello from device! I'm team 2/4 thread 229/256; i=11, j=37
Hello from device! I'm team 2/4 thread 230/256; i=11, j=38
Hello from device! I'm team 2/4 thread 231/256; i=11, j=39
Hello from device! I'm team 2/4 thread 232/256; i=11, j=40
Hello from device! I'm team 2/4 thread 233/256; i=11, j=41
Hello from device! I'm team 2/4 thread 234/256; i=11, j=42
Hello from device! I'm team 2/4 thread 235/256; i=11, j=43
Hello from device! I'm team 2/4 thread 236/256; i=11, j=44
Hello from device! I'm team 2/4 thread 237/256; i=11, j=45
Hello from device! I'm team 2/4 thread 238/256; i=11, j=46
Hello from device! I'm team 2/4 thread 239/256; i=11, j=47
Hello from device! I'm team 2/4 thread 240/256; i=11, j=48
Hello from device! I'm team 2/4 thread 241/256; i=11, j=49
Hello from device! I'm team 2/4 thread 242/256; i=11, j=50
Hello from device! I'm team 2/4 thread 243/256; i=11, j=51
Hello from device! I'm team 2/4 thread 244/256; i=11, j=52
Hello from device! I'm team 2/4 thread 245/256; i=11, j=53
Hello from device! I'm team 2/4 thread 246/256; i=11, j=54
Hello from device! I'm team 2/4 thread 247/256; i=11, j=55
Hello from device! I'm team 2/4 thread 248/256; i=11, j=56
Hello from device! I'm team 2/4 thread 249/256; i=11, j=57
Hello from device! I'm team 2/4 thread 250/256; i=11, j=58
Hello from device! I'm team 2/4 thread 251/256; i=11, j=59
Hello from device! I'm team 2/4 thread 252/256; i=11, j=60
Hello from device! I'm team 2/4 thread 253/256; i=11, j=61
Hello from device! I'm team 2/4 thread 254/256; i=11, j=62
Hello from device! I'm team 2/4 thread 255/256; i=11, j=63
Hello from device! I'm team 3/4 thread 192/256; i=15, j=0
Hello from device! I'm team 3/4 thread 193/256; i=15, j=1
Hello from device! I'm team 3/4 thread 194/256; i=15, j=2
Hello from device! I'm team 3/4 thread 195/256; i=15, j=3
Hello from device! I'm team 3/4 thread 196/256; i=15, j=4
Hello from device! I'm team 3/4 thread 197/256; i=15, j=5
Hello from device! I'm team 3/4 thread 198/256; i=15, j=6
Hello from device! I'm team 3/4 thread 199/256; i=15, j=7
Hello from device! I'm team 3/4 thread 200/256; i=15, j=8
Hello from device! I'm team 3/4 thread 201/256; i=15, j=9
Hello from device! I'm team 3/4 thread 202/256; i=15, j=10
Hello from device! I'm team 3/4 thread 203/256; i=15, j=11
Hello from device! I'm team 3/4 thread 204/256; i=15, j=12
Hello from device! I'm team 3/4 thread 205/256; i=15, j=13
Hello from device! I'm team 3/4 thread 206/256; i=15, j=14
Hello from device! I'm team 3/4 thread 207/256; i=15, j=15
Hello from device! I'm team 3/4 thread 208/256; i=15, j=16
Hello from device! I'm team 3/4 thread 209/256; i=15, j=17
Hello from device! I'm team 3/4 thread 210/256; i=15, j=18
Hello from device! I'm team 3/4 thread 211/256; i=15, j=19
Hello from device! I'm team 3/4 thread 212/256; i=15, j=20
Hello from device! I'm team 3/4 thread 213/256; i=15, j=21
Hello from device! I'm team 3/4 thread 214/256; i=15, j=22
Hello from device! I'm team 3/4 thread 215/256; i=15, j=23
Hello from device! I'm team 3/4 thread 216/256; i=15, j=24
Hello from device! I'm team 3/4 thread 217/256; i=15, j=25
Hello from device! I'm team 3/4 thread 218/256; i=15, j=26
Hello from device! I'm team 3/4 thread 219/256; i=15, j=27
Hello from device! I'm team 3/4 thread 220/256; i=15, j=28
Hello from device! I'm team 3/4 thread 221/256; i=15, j=29
Hello from device! I'm team 3/4 thread 222/256; i=15, j=30
Hello from device! I'm team 3/4 thread 223/256; i=15, j=31
Hello from device! I'm team 3/4 thread 224/256; i=15, j=32
Hello from device! I'm team 3/4 thread 225/256; i=15, j=33
Hello from device! I'm team 3/4 thread 226/256; i=15, j=34
Hello from device! I'm team 3/4 thread 227/256; i=15, j=35
Hello from device! I'm team 3/4 thread 228/256; i=15, j=36
Hello from device! I'm team 3/4 thread 229/256; i=15, j=37
Hello from device! I'm team 3/4 thread 230/256; i=15, j=38
Hello from device! I'm team 3/4 thread 231/256; i=15, j=39
Hello from device! I'm team 3/4 thread 232/256; i=15, j=40
Hello from device! I'm team 3/4 thread 233/256; i=15, j=41
Hello from device! I'm team 3/4 thread 234/256; i=15, j=42
Hello from device! I'm team 3/4 thread 235/256; i=15, j=43
Hello from device! I'm team 3/4 thread 236/256; i=15, j=44
Hello from device! I'm team 3/4 thread 237/256; i=15, j=45
Hello from device! I'm team 3/4 thread 238/256; i=15, j=46
Hello from device! I'm team 3/4 thread 239/256; i=15, j=47
Hello from device! I'm team 3/4 thread 240/256; i=15, j=48
Hello from device! I'm team 3/4 thread 241/256; i=15, j=49
Hello from device! I'm team 3/4 thread 242/256; i=15, j=50
Hello from device! I'm team 3/4 thread 243/256; i=15, j=51
Hello from device! I'm team 3/4 thread 244/256; i=15, j=52
Hello from device! I'm team 3/4 thread 245/256; i=15, j=53
Hello from device! I'm team 3/4 thread 246/256; i=15, j=54
Hello from device! I'm team 3/4 thread 247/256; i=15, j=55
Hello from device! I'm team 3/4 thread 248/256; i=15, j=56
Hello from device! I'm team 3/4 thread 249/256; i=15, j=57
Hello from device! I'm team 3/4 thread 250/256; i=15, j=58
Hello from device! I'm team 3/4 thread 251/256; i=15, j=59
Hello from device! I'm team 3/4 thread 252/256; i=15, j=60
Hello from device! I'm team 3/4 thread 253/256; i=15, j=61
Hello from device! I'm team 3/4 thread 254/256; i=15, j=62
Hello from device! I'm team 3/4 thread 255/256; i=15, j=63
Hello from device! I'm team 3/4 thread 64/256; i=13, j=0
Hello from device! I'm team 3/4 thread 65/256; i=13, j=1
Hello from device! I'm team 3/4 thread 66/256; i=13, j=2
Hello from device! I'm team 3/4 thread 67/256; i=13, j=3
Hello from device! I'm team 3/4 thread 68/256; i=13, j=4
Hello from device! I'm team 3/4 thread 69/256; i=13, j=5
Hello from device! I'm team 3/4 thread 70/256; i=13, j=6
Hello from device! I'm team 3/4 thread 71/256; i=13, j=7
Hello from device! I'm team 3/4 thread 72/256; i=13, j=8
Hello from device! I'm team 3/4 thread 73/256; i=13, j=9
Hello from device! I'm team 3/4 thread 74/256; i=13, j=10
Hello from device! I'm team 3/4 thread 75/256; i=13, j=11
Hello from device! I'm team 3/4 thread 76/256; i=13, j=12
Hello from device! I'm team 3/4 thread 77/256; i=13, j=13
Hello from device! I'm team 3/4 thread 78/256; i=13, j=14
Hello from device! I'm team 3/4 thread 79/256; i=13, j=15
Hello from device! I'm team 3/4 thread 80/256; i=13, j=16
Hello from device! I'm team 3/4 thread 81/256; i=13, j=17
Hello from device! I'm team 3/4 thread 82/256; i=13, j=18
Hello from device! I'm team 3/4 thread 83/256; i=13, j=19
Hello from device! I'm team 3/4 thread 84/256; i=13, j=20
Hello from device! I'm team 3/4 thread 85/256; i=13, j=21
Hello from device! I'm team 3/4 thread 86/256; i=13, j=22
Hello from device! I'm team 3/4 thread 87/256; i=13, j=23
Hello from device! I'm team 3/4 thread 88/256; i=13, j=24
Hello from device! I'm team 3/4 thread 89/256; i=13, j=25
Hello from device! I'm team 3/4 thread 90/256; i=13, j=26
Hello from device! I'm team 3/4 thread 91/256; i=13, j=27
Hello from device! I'm team 3/4 thread 92/256; i=13, j=28
Hello from device! I'm team 3/4 thread 93/256; i=13, j=29
Hello from device! I'm team 3/4 thread 94/256; i=13, j=30
Hello from device! I'm team 3/4 thread 95/256; i=13, j=31
Hello from device! I'm team 3/4 thread 96/256; i=13, j=32
Hello from device! I'm team 3/4 thread 97/256; i=13, j=33
Hello from device! I'm team 3/4 thread 98/256; i=13, j=34
Hello from device! I'm team 3/4 thread 99/256; i=13, j=35
Hello from device! I'm team 3/4 thread 100/256; i=13, j=36
Hello from device! I'm team 3/4 thread 101/256; i=13, j=37
Hello from device! I'm team 3/4 thread 102/256; i=13, j=38
Hello from device! I'm team 3/4 thread 103/256; i=13, j=39
Hello from device! I'm team 3/4 thread 104/256; i=13, j=40
Hello from device! I'm team 3/4 thread 105/256; i=13, j=41
Hello from device! I'm team 3/4 thread 106/256; i=13, j=42
Hello from device! I'm team 3/4 thread 107/256; i=13, j=43
Hello from device! I'm team 3/4 thread 108/256; i=13, j=44
Hello from device! I'm team 3/4 thread 109/256; i=13, j=45
Hello from device! I'm team 3/4 thread 110/256; i=13, j=46
Hello from device! I'm team 3/4 thread 111/256; i=13, j=47
Hello from device! I'm team 3/4 thread 112/256; i=13, j=48
Hello from device! I'm team 3/4 thread 113/256; i=13, j=49
Hello from device! I'm team 3/4 thread 114/256; i=13, j=50
Hello from device! I'm team 3/4 thread 115/256; i=13, j=51
Hello from device! I'm team 3/4 thread 116/256; i=13, j=52
Hello from device! I'm team 3/4 thread 117/256; i=13, j=53
Hello from device! I'm team 3/4 thread 118/256; i=13, j=54
Hello from device! I'm team 3/4 thread 119/256; i=13, j=55
Hello from device! I'm team 3/4 thread 120/256; i=13, j=56
Hello from device! I'm team 3/4 thread 121/256; i=13, j=57
Hello from device! I'm team 3/4 thread 122/256; i=13, j=58
Hello from device! I'm team 3/4 thread 123/256; i=13, j=59
Hello from device! I'm team 3/4 thread 124/256; i=13, j=60
Hello from device! I'm team 3/4 thread 125/256; i=13, j=61
Hello from device! I'm team 3/4 thread 126/256; i=13, j=62
Hello from device! I'm team 3/4 thread 127/256; i=13, j=63
Hello from device! I'm team 3/4 thread 0/256; i=12, j=0
Hello from device! I'm team 3/4 thread 1/256; i=12, j=1
Hello from device! I'm team 3/4 thread 2/256; i=12, j=2
Hello from device! I'm team 3/4 thread 3/256; i=12, j=3
Hello from device! I'm team 3/4 thread 4/256; i=12, j=4
Hello from device! I'm team 3/4 thread 5/256; i=12, j=5
Hello from device! I'm team 3/4 thread 6/256; i=12, j=6
Hello from device! I'm team 3/4 thread 7/256; i=12, j=7
Hello from device! I'm team 3/4 thread 8/256; i=12, j=8
Hello from device! I'm team 3/4 thread 9/256; i=12, j=9
Hello from device! I'm team 3/4 thread 10/256; i=12, j=10
Hello from device! I'm team 3/4 thread 11/256; i=12, j=11
Hello from device! I'm team 3/4 thread 12/256; i=12, j=12
Hello from device! I'm team 3/4 thread 13/256; i=12, j=13
Hello from device! I'm team 3/4 thread 14/256; i=12, j=14
Hello from device! I'm team 3/4 thread 15/256; i=12, j=15
Hello from device! I'm team 3/4 thread 16/256; i=12, j=16
Hello from device! I'm team 3/4 thread 17/256; i=12, j=17
Hello from device! I'm team 3/4 thread 18/256; i=12, j=18
Hello from device! I'm team 3/4 thread 19/256; i=12, j=19
Hello from device! I'm team 3/4 thread 20/256; i=12, j=20
Hello from device! I'm team 3/4 thread 21/256; i=12, j=21
Hello from device! I'm team 3/4 thread 22/256; i=12, j=22
Hello from device! I'm team 3/4 thread 23/256; i=12, j=23
Hello from device! I'm team 3/4 thread 24/256; i=12, j=24
Hello from device! I'm team 3/4 thread 25/256; i=12, j=25
Hello from device! I'm team 3/4 thread 26/256; i=12, j=26
Hello from device! I'm team 3/4 thread 27/256; i=12, j=27
Hello from device! I'm team 3/4 thread 28/256; i=12, j=28
Hello from device! I'm team 3/4 thread 29/256; i=12, j=29
Hello from device! I'm team 3/4 thread 30/256; i=12, j=30
Hello from device! I'm team 3/4 thread 31/256; i=12, j=31
Hello from device! I'm team 3/4 thread 32/256; i=12, j=32
Hello from device! I'm team 3/4 thread 33/256; i=12, j=33
Hello from device! I'm team 3/4 thread 34/256; i=12, j=34
Hello from device! I'm team 3/4 thread 35/256; i=12, j=35
Hello from device! I'm team 3/4 thread 36/256; i=12, j=36
Hello from device! I'm team 3/4 thread 37/256; i=12, j=37
Hello from device! I'm team 3/4 thread 38/256; i=12, j=38
Hello from device! I'm team 3/4 thread 39/256; i=12, j=39
Hello from device! I'm team 3/4 thread 40/256; i=12, j=40
Hello from device! I'm team 3/4 thread 41/256; i=12, j=41
Hello from device! I'm team 3/4 thread 42/256; i=12, j=42
Hello from device! I'm team 3/4 thread 43/256; i=12, j=43
Hello from device! I'm team 3/4 thread 44/256; i=12, j=44
Hello from device! I'm team 3/4 thread 45/256; i=12, j=45
Hello from device! I'm team 3/4 thread 46/256; i=12, j=46
Hello from device! I'm team 3/4 thread 47/256; i=12, j=47
Hello from device! I'm team 3/4 thread 48/256; i=12, j=48
Hello from device! I'm team 3/4 thread 49/256; i=12, j=49
Hello from device! I'm team 3/4 thread 50/256; i=12, j=50
Hello from device! I'm team 3/4 thread 51/256; i=12, j=51
Hello from device! I'm team 3/4 thread 52/256; i=12, j=52
Hello from device! I'm team 3/4 thread 53/256; i=12, j=53
Hello from device! I'm team 3/4 thread 54/256; i=12, j=54
Hello from device! I'm team 3/4 thread 55/256; i=12, j=55
Hello from device! I'm team 3/4 thread 56/256; i=12, j=56
Hello from device! I'm team 3/4 thread 57/256; i=12, j=57
Hello from device! I'm team 3/4 thread 58/256; i=12, j=58
Hello from device! I'm team 3/4 thread 59/256; i=12, j=59
Hello from device! I'm team 3/4 thread 60/256; i=12, j=60
Hello from device! I'm team 3/4 thread 61/256; i=12, j=61
Hello from device! I'm team 3/4 thread 62/256; i=12, j=62
Hello from device! I'm team 3/4 thread 63/256; i=12, j=63
Hello from device! I'm team 2/4 thread 128/256; i=10, j=0
Hello from device! I'm team 2/4 thread 129/256; i=10, j=1
Hello from device! I'm team 2/4 thread 130/256; i=10, j=2
Hello from device! I'm team 2/4 thread 131/256; i=10, j=3
Hello from device! I'm team 2/4 thread 132/256; i=10, j=4
Hello from device! I'm team 2/4 thread 133/256; i=10, j=5
Hello from device! I'm team 2/4 thread 134/256; i=10, j=6
Hello from device! I'm team 2/4 thread 135/256; i=10, j=7
Hello from device! I'm team 2/4 thread 136/256; i=10, j=8
Hello from device! I'm team 2/4 thread 137/256; i=10, j=9
Hello from device! I'm team 2/4 thread 138/256; i=10, j=10
Hello from device! I'm team 2/4 thread 139/256; i=10, j=11
Hello from device! I'm team 2/4 thread 140/256; i=10, j=12
Hello from device! I'm team 2/4 thread 141/256; i=10, j=13
Hello from device! I'm team 2/4 thread 142/256; i=10, j=14
Hello from device! I'm team 2/4 thread 143/256; i=10, j=15
Hello from device! I'm team 2/4 thread 144/256; i=10, j=16
Hello from device! I'm team 2/4 thread 145/256; i=10, j=17
Hello from device! I'm team 2/4 thread 146/256; i=10, j=18
Hello from device! I'm team 2/4 thread 147/256; i=10, j=19
Hello from device! I'm team 2/4 thread 148/256; i=10, j=20
Hello from device! I'm team 2/4 thread 149/256; i=10, j=21
Hello from device! I'm team 2/4 thread 150/256; i=10, j=22
Hello from device! I'm team 2/4 thread 151/256; i=10, j=23
Hello from device! I'm team 2/4 thread 152/256; i=10, j=24
Hello from device! I'm team 2/4 thread 153/256; i=10, j=25
Hello from device! I'm team 2/4 thread 154/256; i=10, j=26
Hello from device! I'm team 2/4 thread 155/256; i=10, j=27
Hello from device! I'm team 2/4 thread 156/256; i=10, j=28
Hello from device! I'm team 2/4 thread 157/256; i=10, j=29
Hello from device! I'm team 2/4 thread 158/256; i=10, j=30
Hello from device! I'm team 2/4 thread 159/256; i=10, j=31
Hello from device! I'm team 2/4 thread 160/256; i=10, j=32
Hello from device! I'm team 2/4 thread 161/256; i=10, j=33
Hello from device! I'm team 2/4 thread 162/256; i=10, j=34
Hello from device! I'm team 2/4 thread 163/256; i=10, j=35
Hello from device! I'm team 2/4 thread 164/256; i=10, j=36
Hello from device! I'm team 2/4 thread 165/256; i=10, j=37
Hello from device! I'm team 2/4 thread 166/256; i=10, j=38
Hello from device! I'm team 2/4 thread 167/256; i=10, j=39
Hello from device! I'm team 2/4 thread 168/256; i=10, j=40
Hello from device! I'm team 2/4 thread 169/256; i=10, j=41
Hello from device! I'm team 2/4 thread 170/256; i=10, j=42
Hello from device! I'm team 2/4 thread 171/256; i=10, j=43
Hello from device! I'm team 2/4 thread 172/256; i=10, j=44
Hello from device! I'm team 2/4 thread 173/256; i=10, j=45
Hello from device! I'm team 2/4 thread 174/256; i=10, j=46
Hello from device! I'm team 2/4 thread 175/256; i=10, j=47
Hello from device! I'm team 2/4 thread 176/256; i=10, j=48
Hello from device! I'm team 2/4 thread 177/256; i=10, j=49
Hello from device! I'm team 2/4 thread 178/256; i=10, j=50
Hello from device! I'm team 2/4 thread 179/256; i=10, j=51
Hello from device! I'm team 2/4 thread 180/256; i=10, j=52
Hello from device! I'm team 2/4 thread 181/256; i=10, j=53
Hello from device! I'm team 2/4 thread 182/256; i=10, j=54
Hello from device! I'm team 2/4 thread 183/256; i=10, j=55
Hello from device! I'm team 2/4 thread 184/256; i=10, j=56
Hello from device! I'm team 2/4 thread 185/256; i=10, j=57
Hello from device! I'm team 2/4 thread 186/256; i=10, j=58
Hello from device! I'm team 2/4 thread 187/256; i=10, j=59
Hello from device! I'm team 2/4 thread 188/256; i=10, j=60
Hello from device! I'm team 2/4 thread 189/256; i=10, j=61
Hello from device! I'm team 2/4 thread 190/256; i=10, j=62
Hello from device! I'm team 2/4 thread 191/256; i=10, j=63
Hello from device! I'm team 1/4 thread 64/256; i=5, j=0
Hello from device! I'm team 1/4 thread 65/256; i=5, j=1
Hello from device! I'm team 1/4 thread 66/256; i=5, j=2
Hello from device! I'm team 1/4 thread 67/256; i=5, j=3
Hello from device! I'm team 1/4 thread 68/256; i=5, j=4
Hello from device! I'm team 1/4 thread 69/256; i=5, j=5
Hello from device! I'm team 1/4 thread 70/256; i=5, j=6
Hello from device! I'm team 1/4 thread 71/256; i=5, j=7
Hello from device! I'm team 1/4 thread 72/256; i=5, j=8
Hello from device! I'm team 1/4 thread 73/256; i=5, j=9
Hello from device! I'm team 1/4 thread 74/256; i=5, j=10
Hello from device! I'm team 1/4 thread 75/256; i=5, j=11
Hello from device! I'm team 1/4 thread 76/256; i=5, j=12
Hello from device! I'm team 1/4 thread 77/256; i=5, j=13
Hello from device! I'm team 1/4 thread 78/256; i=5, j=14
Hello from device! I'm team 1/4 thread 79/256; i=5, j=15
Hello from device! I'm team 1/4 thread 80/256; i=5, j=16
Hello from device! I'm team 1/4 thread 81/256; i=5, j=17
Hello from device! I'm team 1/4 thread 82/256; i=5, j=18
Hello from device! I'm team 1/4 thread 83/256; i=5, j=19
Hello from device! I'm team 1/4 thread 84/256; i=5, j=20
Hello from device! I'm team 1/4 thread 85/256; i=5, j=21
Hello from device! I'm team 1/4 thread 86/256; i=5, j=22
Hello from device! I'm team 1/4 thread 87/256; i=5, j=23
Hello from device! I'm team 1/4 thread 88/256; i=5, j=24
Hello from device! I'm team 1/4 thread 89/256; i=5, j=25
Hello from device! I'm team 1/4 thread 90/256; i=5, j=26
Hello from device! I'm team 1/4 thread 91/256; i=5, j=27
Hello from device! I'm team 1/4 thread 92/256; i=5, j=28
Hello from device! I'm team 1/4 thread 93/256; i=5, j=29
Hello from device! I'm team 1/4 thread 94/256; i=5, j=30
Hello from device! I'm team 1/4 thread 95/256; i=5, j=31
Hello from device! I'm team 1/4 thread 96/256; i=5, j=32
Hello from device! I'm team 1/4 thread 97/256; i=5, j=33
Hello from device! I'm team 1/4 thread 98/256; i=5, j=34
Hello from device! I'm team 1/4 thread 99/256; i=5, j=35
Hello from device! I'm team 1/4 thread 100/256; i=5, j=36
Hello from device! I'm team 1/4 thread 101/256; i=5, j=37
Hello from device! I'm team 1/4 thread 102/256; i=5, j=38
Hello from device! I'm team 1/4 thread 103/256; i=5, j=39
Hello from device! I'm team 1/4 thread 104/256; i=5, j=40
Hello from device! I'm team 1/4 thread 105/256; i=5, j=41
Hello from device! I'm team 1/4 thread 106/256; i=5, j=42
Hello from device! I'm team 1/4 thread 107/256; i=5, j=43
Hello from device! I'm team 1/4 thread 108/256; i=5, j=44
Hello from device! I'm team 1/4 thread 109/256; i=5, j=45
Hello from device! I'm team 1/4 thread 110/256; i=5, j=46
Hello from device! I'm team 1/4 thread 111/256; i=5, j=47
Hello from device! I'm team 1/4 thread 112/256; i=5, j=48
Hello from device! I'm team 1/4 thread 113/256; i=5, j=49
Hello from device! I'm team 1/4 thread 114/256; i=5, j=50
Hello from device! I'm team 1/4 thread 115/256; i=5, j=51
Hello from device! I'm team 1/4 thread 116/256; i=5, j=52
Hello from device! I'm team 1/4 thread 117/256; i=5, j=53
Hello from device! I'm team 1/4 thread 118/256; i=5, j=54
Hello from device! I'm team 1/4 thread 119/256; i=5, j=55
Hello from device! I'm team 1/4 thread 120/256; i=5, j=56
Hello from device! I'm team 1/4 thread 121/256; i=5, j=57
Hello from device! I'm team 1/4 thread 122/256; i=5, j=58
Hello from device! I'm team 1/4 thread 123/256; i=5, j=59
Hello from device! I'm team 1/4 thread 124/256; i=5, j=60
Hello from device! I'm team 1/4 thread 125/256; i=5, j=61
Hello from device! I'm team 1/4 thread 126/256; i=5, j=62
Hello from device! I'm team 1/4 thread 127/256; i=5, j=63
Hello from device! I'm team 1/4 thread 192/256; i=7, j=0
Hello from device! I'm team 1/4 thread 193/256; i=7, j=1
Hello from device! I'm team 1/4 thread 194/256; i=7, j=2
Hello from device! I'm team 1/4 thread 195/256; i=7, j=3
Hello from device! I'm team 1/4 thread 196/256; i=7, j=4
Hello from device! I'm team 1/4 thread 197/256; i=7, j=5
Hello from device! I'm team 1/4 thread 198/256; i=7, j=6
Hello from device! I'm team 1/4 thread 199/256; i=7, j=7
Hello from device! I'm team 1/4 thread 200/256; i=7, j=8
Hello from device! I'm team 1/4 thread 201/256; i=7, j=9
Hello from device! I'm team 1/4 thread 202/256; i=7, j=10
Hello from device! I'm team 1/4 thread 203/256; i=7, j=11
Hello from device! I'm team 1/4 thread 204/256; i=7, j=12
Hello from device! I'm team 1/4 thread 205/256; i=7, j=13
Hello from device! I'm team 1/4 thread 206/256; i=7, j=14
Hello from device! I'm team 1/4 thread 207/256; i=7, j=15
Hello from device! I'm team 1/4 thread 208/256; i=7, j=16
Hello from device! I'm team 1/4 thread 209/256; i=7, j=17
Hello from device! I'm team 1/4 thread 210/256; i=7, j=18
Hello from device! I'm team 1/4 thread 211/256; i=7, j=19
Hello from device! I'm team 1/4 thread 212/256; i=7, j=20
Hello from device! I'm team 1/4 thread 213/256; i=7, j=21
Hello from device! I'm team 1/4 thread 214/256; i=7, j=22
Hello from device! I'm team 1/4 thread 215/256; i=7, j=23
Hello from device! I'm team 1/4 thread 216/256; i=7, j=24
Hello from device! I'm team 1/4 thread 217/256; i=7, j=25
Hello from device! I'm team 1/4 thread 218/256; i=7, j=26
Hello from device! I'm team 1/4 thread 219/256; i=7, j=27
Hello from device! I'm team 1/4 thread 220/256; i=7, j=28
Hello from device! I'm team 1/4 thread 221/256; i=7, j=29
Hello from device! I'm team 1/4 thread 222/256; i=7, j=30
Hello from device! I'm team 1/4 thread 223/256; i=7, j=31
Hello from device! I'm team 1/4 thread 224/256; i=7, j=32
Hello from device! I'm team 1/4 thread 225/256; i=7, j=33
Hello from device! I'm team 1/4 thread 226/256; i=7, j=34
Hello from device! I'm team 1/4 thread 227/256; i=7, j=35
Hello from device! I'm team 1/4 thread 228/256; i=7, j=36
Hello from device! I'm team 1/4 thread 229/256; i=7, j=37
Hello from device! I'm team 1/4 thread 230/256; i=7, j=38
Hello from device! I'm team 1/4 thread 231/256; i=7, j=39
Hello from device! I'm team 1/4 thread 232/256; i=7, j=40
Hello from device! I'm team 1/4 thread 233/256; i=7, j=41
Hello from device! I'm team 1/4 thread 234/256; i=7, j=42
Hello from device! I'm team 1/4 thread 235/256; i=7, j=43
Hello from device! I'm team 1/4 thread 236/256; i=7, j=44
Hello from device! I'm team 1/4 thread 237/256; i=7, j=45
Hello from device! I'm team 1/4 thread 238/256; i=7, j=46
Hello from device! I'm team 1/4 thread 239/256; i=7, j=47
Hello from device! I'm team 1/4 thread 240/256; i=7, j=48
Hello from device! I'm team 1/4 thread 241/256; i=7, j=49
Hello from device! I'm team 1/4 thread 242/256; i=7, j=50
Hello from device! I'm team 1/4 thread 243/256; i=7, j=51
Hello from device! I'm team 1/4 thread 244/256; i=7, j=52
Hello from device! I'm team 1/4 thread 245/256; i=7, j=53
Hello from device! I'm team 1/4 thread 246/256; i=7, j=54
Hello from device! I'm team 1/4 thread 247/256; i=7, j=55
Hello from device! I'm team 1/4 thread 248/256; i=7, j=56
Hello from device! I'm team 1/4 thread 249/256; i=7, j=57
Hello from device! I'm team 1/4 thread 250/256; i=7, j=58
Hello from device! I'm team 1/4 thread 251/256; i=7, j=59
Hello from device! I'm team 1/4 thread 252/256; i=7, j=60
Hello from device! I'm team 1/4 thread 253/256; i=7, j=61
Hello from device! I'm team 1/4 thread 254/256; i=7, j=62
Hello from device! I'm team 1/4 thread 255/256; i=7, j=63
Hello from device! I'm team 0/4 thread 128/256; i=2, j=0
Hello from device! I'm team 0/4 thread 129/256; i=2, j=1
Hello from device! I'm team 0/4 thread 130/256; i=2, j=2
Hello from device! I'm team 0/4 thread 131/256; i=2, j=3
Hello from device! I'm team 0/4 thread 132/256; i=2, j=4
Hello from device! I'm team 0/4 thread 133/256; i=2, j=5
Hello from device! I'm team 0/4 thread 134/256; i=2, j=6
Hello from device! I'm team 0/4 thread 135/256; i=2, j=7
Hello from device! I'm team 0/4 thread 136/256; i=2, j=8
Hello from device! I'm team 0/4 thread 137/256; i=2, j=9
Hello from device! I'm team 0/4 thread 138/256; i=2, j=10
Hello from device! I'm team 0/4 thread 139/256; i=2, j=11
Hello from device! I'm team 0/4 thread 140/256; i=2, j=12
Hello from device! I'm team 0/4 thread 141/256; i=2, j=13
Hello from device! I'm team 0/4 thread 142/256; i=2, j=14
Hello from device! I'm team 0/4 thread 143/256; i=2, j=15
Hello from device! I'm team 0/4 thread 144/256; i=2, j=16
Hello from device! I'm team 0/4 thread 145/256; i=2, j=17
Hello from device! I'm team 0/4 thread 146/256; i=2, j=18
Hello from device! I'm team 0/4 thread 147/256; i=2, j=19
Hello from device! I'm team 0/4 thread 148/256; i=2, j=20
Hello from device! I'm team 0/4 thread 149/256; i=2, j=21
Hello from device! I'm team 0/4 thread 150/256; i=2, j=22
Hello from device! I'm team 0/4 thread 151/256; i=2, j=23
Hello from device! I'm team 0/4 thread 152/256; i=2, j=24
Hello from device! I'm team 0/4 thread 153/256; i=2, j=25
Hello from device! I'm team 0/4 thread 154/256; i=2, j=26
Hello from device! I'm team 0/4 thread 155/256; i=2, j=27
Hello from device! I'm team 0/4 thread 156/256; i=2, j=28
Hello from device! I'm team 0/4 thread 157/256; i=2, j=29
Hello from device! I'm team 0/4 thread 158/256; i=2, j=30
Hello from device! I'm team 0/4 thread 159/256; i=2, j=31
Hello from device! I'm team 0/4 thread 160/256; i=2, j=32
Hello from device! I'm team 0/4 thread 161/256; i=2, j=33
Hello from device! I'm team 0/4 thread 162/256; i=2, j=34
Hello from device! I'm team 0/4 thread 163/256; i=2, j=35
Hello from device! I'm team 0/4 thread 164/256; i=2, j=36
Hello from device! I'm team 0/4 thread 165/256; i=2, j=37
Hello from device! I'm team 0/4 thread 166/256; i=2, j=38
Hello from device! I'm team 0/4 thread 167/256; i=2, j=39
Hello from device! I'm team 0/4 thread 168/256; i=2, j=40
Hello from device! I'm team 0/4 thread 169/256; i=2, j=41
Hello from device! I'm team 0/4 thread 170/256; i=2, j=42
Hello from device! I'm team 0/4 thread 171/256; i=2, j=43
Hello from device! I'm team 0/4 thread 172/256; i=2, j=44
Hello from device! I'm team 0/4 thread 173/256; i=2, j=45
Hello from device! I'm team 0/4 thread 174/256; i=2, j=46
Hello from device! I'm team 0/4 thread 175/256; i=2, j=47
Hello from device! I'm team 0/4 thread 176/256; i=2, j=48
Hello from device! I'm team 0/4 thread 177/256; i=2, j=49
Hello from device! I'm team 0/4 thread 178/256; i=2, j=50
Hello from device! I'm team 0/4 thread 179/256; i=2, j=51
Hello from device! I'm team 0/4 thread 180/256; i=2, j=52
Hello from device! I'm team 0/4 thread 181/256; i=2, j=53
Hello from device! I'm team 0/4 thread 182/256; i=2, j=54
Hello from device! I'm team 0/4 thread 183/256; i=2, j=55
Hello from device! I'm team 0/4 thread 184/256; i=2, j=56
Hello from device! I'm team 0/4 thread 185/256; i=2, j=57
Hello from device! I'm team 0/4 thread 186/256; i=2, j=58
Hello from device! I'm team 0/4 thread 187/256; i=2, j=59
Hello from device! I'm team 0/4 thread 188/256; i=2, j=60
Hello from device! I'm team 0/4 thread 189/256; i=2, j=61
Hello from device! I'm team 0/4 thread 190/256; i=2, j=62
Hello from device! I'm team 0/4 thread 191/256; i=2, j=63
Hello from device! I'm team 3/4 thread 128/256; i=14, j=0
Hello from device! I'm team 3/4 thread 129/256; i=14, j=1
Hello from device! I'm team 3/4 thread 130/256; i=14, j=2
Hello from device! I'm team 3/4 thread 131/256; i=14, j=3
Hello from device! I'm team 3/4 thread 132/256; i=14, j=4
Hello from device! I'm team 3/4 thread 133/256; i=14, j=5
Hello from device! I'm team 3/4 thread 134/256; i=14, j=6
Hello from device! I'm team 3/4 thread 135/256; i=14, j=7
Hello from device! I'm team 3/4 thread 136/256; i=14, j=8
Hello from device! I'm team 3/4 thread 137/256; i=14, j=9
Hello from device! I'm team 3/4 thread 138/256; i=14, j=10
Hello from device! I'm team 3/4 thread 139/256; i=14, j=11
Hello from device! I'm team 3/4 thread 140/256; i=14, j=12
Hello from device! I'm team 3/4 thread 141/256; i=14, j=13
Hello from device! I'm team 3/4 thread 142/256; i=14, j=14
Hello from device! I'm team 3/4 thread 143/256; i=14, j=15
Hello from device! I'm team 3/4 thread 144/256; i=14, j=16
Hello from device! I'm team 3/4 thread 145/256; i=14, j=17
Hello from device! I'm team 3/4 thread 146/256; i=14, j=18
Hello from device! I'm team 3/4 thread 147/256; i=14, j=19
Hello from device! I'm team 3/4 thread 148/256; i=14, j=20
Hello from device! I'm team 3/4 thread 149/256; i=14, j=21
Hello from device! I'm team 3/4 thread 150/256; i=14, j=22
Hello from device! I'm team 3/4 thread 151/256; i=14, j=23
Hello from device! I'm team 3/4 thread 152/256; i=14, j=24
Hello from device! I'm team 3/4 thread 153/256; i=14, j=25
Hello from device! I'm team 3/4 thread 154/256; i=14, j=26
Hello from device! I'm team 3/4 thread 155/256; i=14, j=27
Hello from device! I'm team 3/4 thread 156/256; i=14, j=28
Hello from device! I'm team 3/4 thread 157/256; i=14, j=29
Hello from device! I'm team 3/4 thread 158/256; i=14, j=30
Hello from device! I'm team 3/4 thread 159/256; i=14, j=31
Hello from device! I'm team 3/4 thread 160/256; i=14, j=32
Hello from device! I'm team 3/4 thread 161/256; i=14, j=33
Hello from device! I'm team 3/4 thread 162/256; i=14, j=34
Hello from device! I'm team 3/4 thread 163/256; i=14, j=35
Hello from device! I'm team 3/4 thread 164/256; i=14, j=36
Hello from device! I'm team 3/4 thread 165/256; i=14, j=37
Hello from device! I'm team 3/4 thread 166/256; i=14, j=38
Hello from device! I'm team 3/4 thread 167/256; i=14, j=39
Hello from device! I'm team 3/4 thread 168/256; i=14, j=40
Hello from device! I'm team 3/4 thread 169/256; i=14, j=41
Hello from device! I'm team 3/4 thread 170/256; i=14, j=42
Hello from device! I'm team 3/4 thread 171/256; i=14, j=43
Hello from device! I'm team 3/4 thread 172/256; i=14, j=44
Hello from device! I'm team 3/4 thread 173/256; i=14, j=45
Hello from device! I'm team 3/4 thread 174/256; i=14, j=46
Hello from device! I'm team 3/4 thread 175/256; i=14, j=47
Hello from device! I'm team 3/4 thread 176/256; i=14, j=48
Hello from device! I'm team 3/4 thread 177/256; i=14, j=49
Hello from device! I'm team 3/4 thread 178/256; i=14, j=50
Hello from device! I'm team 3/4 thread 179/256; i=14, j=51
Hello from device! I'm team 3/4 thread 180/256; i=14, j=52
Hello from device! I'm team 3/4 thread 181/256; i=14, j=53
Hello from device! I'm team 3/4 thread 182/256; i=14, j=54
Hello from device! I'm team 3/4 thread 183/256; i=14, j=55
Hello from device! I'm team 3/4 thread 184/256; i=14, j=56
Hello from device! I'm team 3/4 thread 185/256; i=14, j=57
Hello from device! I'm team 3/4 thread 186/256; i=14, j=58
Hello from device! I'm team 3/4 thread 187/256; i=14, j=59
Hello from device! I'm team 3/4 thread 188/256; i=14, j=60
Hello from device! I'm team 3/4 thread 189/256; i=14, j=61
Hello from device! I'm team 3/4 thread 190/256; i=14, j=62
Hello from device! I'm team 3/4 thread 191/256; i=14, j=63
Hello from device! I'm team 0/4 thread 192/256; i=3, j=0
Hello from device! I'm team 0/4 thread 193/256; i=3, j=1
Hello from device! I'm team 0/4 thread 194/256; i=3, j=2
Hello from device! I'm team 0/4 thread 195/256; i=3, j=3
Hello from device! I'm team 0/4 thread 196/256; i=3, j=4
Hello from device! I'm team 0/4 thread 197/256; i=3, j=5
Hello from device! I'm team 0/4 thread 198/256; i=3, j=6
Hello from device! I'm team 0/4 thread 199/256; i=3, j=7
Hello from device! I'm team 0/4 thread 200/256; i=3, j=8
Hello from device! I'm team 0/4 thread 201/256; i=3, j=9
Hello from device! I'm team 0/4 thread 202/256; i=3, j=10
Hello from device! I'm team 0/4 thread 203/256; i=3, j=11
Hello from device! I'm team 0/4 thread 204/256; i=3, j=12
Hello from device! I'm team 0/4 thread 205/256; i=3, j=13
Hello from device! I'm team 0/4 thread 206/256; i=3, j=14
Hello from device! I'm team 0/4 thread 207/256; i=3, j=15
Hello from device! I'm team 0/4 thread 208/256; i=3, j=16
Hello from device! I'm team 0/4 thread 209/256; i=3, j=17
Hello from device! I'm team 0/4 thread 210/256; i=3, j=18
Hello from device! I'm team 0/4 thread 211/256; i=3, j=19
Hello from device! I'm team 0/4 thread 212/256; i=3, j=20
Hello from device! I'm team 0/4 thread 213/256; i=3, j=21
Hello from device! I'm team 0/4 thread 214/256; i=3, j=22
Hello from device! I'm team 0/4 thread 215/256; i=3, j=23
Hello from device! I'm team 0/4 thread 216/256; i=3, j=24
Hello from device! I'm team 0/4 thread 217/256; i=3, j=25
Hello from device! I'm team 0/4 thread 218/256; i=3, j=26
Hello from device! I'm team 0/4 thread 219/256; i=3, j=27
Hello from device! I'm team 0/4 thread 220/256; i=3, j=28
Hello from device! I'm team 0/4 thread 221/256; i=3, j=29
Hello from device! I'm team 0/4 thread 222/256; i=3, j=30
Hello from device! I'm team 0/4 thread 223/256; i=3, j=31
Hello from device! I'm team 0/4 thread 224/256; i=3, j=32
Hello from device! I'm team 0/4 thread 225/256; i=3, j=33
Hello from device! I'm team 0/4 thread 226/256; i=3, j=34
Hello from device! I'm team 0/4 thread 227/256; i=3, j=35
Hello from device! I'm team 0/4 thread 228/256; i=3, j=36
Hello from device! I'm team 0/4 thread 229/256; i=3, j=37
Hello from device! I'm team 0/4 thread 230/256; i=3, j=38
Hello from device! I'm team 0/4 thread 231/256; i=3, j=39
Hello from device! I'm team 0/4 thread 232/256; i=3, j=40
Hello from device! I'm team 0/4 thread 233/256; i=3, j=41
Hello from device! I'm team 0/4 thread 234/256; i=3, j=42
Hello from device! I'm team 0/4 thread 235/256; i=3, j=43
Hello from device! I'm team 0/4 thread 236/256; i=3, j=44
Hello from device! I'm team 0/4 thread 237/256; i=3, j=45
Hello from device! I'm team 0/4 thread 238/256; i=3, j=46
Hello from device! I'm team 0/4 thread 239/256; i=3, j=47
Hello from device! I'm team 0/4 thread 240/256; i=3, j=48
Hello from device! I'm team 0/4 thread 241/256; i=3, j=49
Hello from device! I'm team 0/4 thread 242/256; i=3, j=50
Hello from device! I'm team 0/4 thread 243/256; i=3, j=51
Hello from device! I'm team 0/4 thread 244/256; i=3, j=52
Hello from device! I'm team 0/4 thread 245/256; i=3, j=53
Hello from device! I'm team 0/4 thread 246/256; i=3, j=54
Hello from device! I'm team 0/4 thread 247/256; i=3, j=55
Hello from device! I'm team 0/4 thread 248/256; i=3, j=56
Hello from device! I'm team 0/4 thread 249/256; i=3, j=57
Hello from device! I'm team 0/4 thread 250/256; i=3, j=58
Hello from device! I'm team 0/4 thread 251/256; i=3, j=59
Hello from device! I'm team 0/4 thread 252/256; i=3, j=60
Hello from device! I'm team 0/4 thread 253/256; i=3, j=61
Hello from device! I'm team 0/4 thread 254/256; i=3, j=62
Hello from device! I'm team 0/4 thread 255/256; i=3, j=63
Hello from device! I'm team 1/4 thread 0/256; i=4, j=0
Hello from device! I'm team 1/4 thread 1/256; i=4, j=1
Hello from device! I'm team 1/4 thread 2/256; i=4, j=2
Hello from device! I'm team 1/4 thread 3/256; i=4, j=3
Hello from device! I'm team 1/4 thread 4/256; i=4, j=4
Hello from device! I'm team 1/4 thread 5/256; i=4, j=5
Hello from device! I'm team 1/4 thread 6/256; i=4, j=6
Hello from device! I'm team 1/4 thread 7/256; i=4, j=7
Hello from device! I'm team 1/4 thread 8/256; i=4, j=8
Hello from device! I'm team 1/4 thread 9/256; i=4, j=9
Hello from device! I'm team 1/4 thread 10/256; i=4, j=10
Hello from device! I'm team 1/4 thread 11/256; i=4, j=11
Hello from device! I'm team 1/4 thread 12/256; i=4, j=12
Hello from device! I'm team 1/4 thread 13/256; i=4, j=13
Hello from device! I'm team 1/4 thread 14/256; i=4, j=14
Hello from device! I'm team 1/4 thread 15/256; i=4, j=15
Hello from device! I'm team 1/4 thread 16/256; i=4, j=16
Hello from device! I'm team 1/4 thread 17/256; i=4, j=17
Hello from device! I'm team 1/4 thread 18/256; i=4, j=18
Hello from device! I'm team 1/4 thread 19/256; i=4, j=19
Hello from device! I'm team 1/4 thread 20/256; i=4, j=20
Hello from device! I'm team 1/4 thread 21/256; i=4, j=21
Hello from device! I'm team 1/4 thread 22/256; i=4, j=22
Hello from device! I'm team 1/4 thread 23/256; i=4, j=23
Hello from device! I'm team 1/4 thread 24/256; i=4, j=24
Hello from device! I'm team 1/4 thread 25/256; i=4, j=25
Hello from device! I'm team 1/4 thread 26/256; i=4, j=26
Hello from device! I'm team 1/4 thread 27/256; i=4, j=27
Hello from device! I'm team 1/4 thread 28/256; i=4, j=28
Hello from device! I'm team 1/4 thread 29/256; i=4, j=29
Hello from device! I'm team 1/4 thread 30/256; i=4, j=30
Hello from device! I'm team 1/4 thread 31/256; i=4, j=31
Hello from device! I'm team 1/4 thread 32/256; i=4, j=32
Hello from device! I'm team 1/4 thread 33/256; i=4, j=33
Hello from device! I'm team 1/4 thread 34/256; i=4, j=34
Hello from device! I'm team 1/4 thread 35/256; i=4, j=35
Hello from device! I'm team 1/4 thread 36/256; i=4, j=36
Hello from device! I'm team 1/4 thread 37/256; i=4, j=37
Hello from device! I'm team 1/4 thread 38/256; i=4, j=38
Hello from device! I'm team 1/4 thread 39/256; i=4, j=39
Hello from device! I'm team 1/4 thread 40/256; i=4, j=40
Hello from device! I'm team 1/4 thread 41/256; i=4, j=41
Hello from device! I'm team 1/4 thread 42/256; i=4, j=42
Hello from device! I'm team 1/4 thread 43/256; i=4, j=43
Hello from device! I'm team 1/4 thread 44/256; i=4, j=44
Hello from device! I'm team 1/4 thread 45/256; i=4, j=45
Hello from device! I'm team 1/4 thread 46/256; i=4, j=46
Hello from device! I'm team 1/4 thread 47/256; i=4, j=47
Hello from device! I'm team 1/4 thread 48/256; i=4, j=48
Hello from device! I'm team 1/4 thread 49/256; i=4, j=49
Hello from device! I'm team 1/4 thread 50/256; i=4, j=50
Hello from device! I'm team 1/4 thread 51/256; i=4, j=51
Hello from device! I'm team 1/4 thread 52/256; i=4, j=52
Hello from device! I'm team 1/4 thread 53/256; i=4, j=53
Hello from device! I'm team 1/4 thread 54/256; i=4, j=54
Hello from device! I'm team 1/4 thread 55/256; i=4, j=55
Hello from device! I'm team 1/4 thread 56/256; i=4, j=56
Hello from device! I'm team 1/4 thread 57/256; i=4, j=57
Hello from device! I'm team 1/4 thread 58/256; i=4, j=58
Hello from device! I'm team 1/4 thread 59/256; i=4, j=59
Hello from device! I'm team 1/4 thread 60/256; i=4, j=60
Hello from device! I'm team 1/4 thread 61/256; i=4, j=61
Hello from device! I'm team 1/4 thread 62/256; i=4, j=62
Hello from device! I'm team 1/4 thread 63/256; i=4, j=63
Hello from device! I'm team 0/4 thread 64/256; i=1, j=0
Hello from device! I'm team 0/4 thread 65/256; i=1, j=1
Hello from device! I'm team 0/4 thread 66/256; i=1, j=2
Hello from device! I'm team 0/4 thread 67/256; i=1, j=3
Hello from device! I'm team 0/4 thread 68/256; i=1, j=4
Hello from device! I'm team 0/4 thread 69/256; i=1, j=5
Hello from device! I'm team 0/4 thread 70/256; i=1, j=6
Hello from device! I'm team 0/4 thread 71/256; i=1, j=7
Hello from device! I'm team 0/4 thread 72/256; i=1, j=8
Hello from device! I'm team 0/4 thread 73/256; i=1, j=9
Hello from device! I'm team 0/4 thread 74/256; i=1, j=10
Hello from device! I'm team 0/4 thread 75/256; i=1, j=11
Hello from device! I'm team 0/4 thread 76/256; i=1, j=12
Hello from device! I'm team 0/4 thread 77/256; i=1, j=13
Hello from device! I'm team 0/4 thread 78/256; i=1, j=14
Hello from device! I'm team 0/4 thread 79/256; i=1, j=15
Hello from device! I'm team 0/4 thread 80/256; i=1, j=16
Hello from device! I'm team 0/4 thread 81/256; i=1, j=17
Hello from device! I'm team 0/4 thread 82/256; i=1, j=18
Hello from device! I'm team 0/4 thread 83/256; i=1, j=19
Hello from device! I'm team 0/4 thread 84/256; i=1, j=20
Hello from device! I'm team 0/4 thread 85/256; i=1, j=21
Hello from device! I'm team 0/4 thread 86/256; i=1, j=22
Hello from device! I'm team 0/4 thread 87/256; i=1, j=23
Hello from device! I'm team 0/4 thread 88/256; i=1, j=24
Hello from device! I'm team 0/4 thread 89/256; i=1, j=25
Hello from device! I'm team 0/4 thread 90/256; i=1, j=26
Hello from device! I'm team 0/4 thread 91/256; i=1, j=27
Hello from device! I'm team 0/4 thread 92/256; i=1, j=28
Hello from device! I'm team 0/4 thread 93/256; i=1, j=29
Hello from device! I'm team 0/4 thread 94/256; i=1, j=30
Hello from device! I'm team 0/4 thread 95/256; i=1, j=31
Hello from device! I'm team 0/4 thread 96/256; i=1, j=32
Hello from device! I'm team 0/4 thread 97/256; i=1, j=33
Hello from device! I'm team 0/4 thread 98/256; i=1, j=34
Hello from device! I'm team 0/4 thread 99/256; i=1, j=35
Hello from device! I'm team 0/4 thread 100/256; i=1, j=36
Hello from device! I'm team 0/4 thread 101/256; i=1, j=37
Hello from device! I'm team 0/4 thread 102/256; i=1, j=38
Hello from device! I'm team 0/4 thread 103/256; i=1, j=39
Hello from device! I'm team 0/4 thread 104/256; i=1, j=40
Hello from device! I'm team 0/4 thread 105/256; i=1, j=41
Hello from device! I'm team 0/4 thread 106/256; i=1, j=42
Hello from device! I'm team 0/4 thread 107/256; i=1, j=43
Hello from device! I'm team 0/4 thread 108/256; i=1, j=44
Hello from device! I'm team 0/4 thread 109/256; i=1, j=45
Hello from device! I'm team 0/4 thread 110/256; i=1, j=46
Hello from device! I'm team 0/4 thread 111/256; i=1, j=47
Hello from device! I'm team 0/4 thread 112/256; i=1, j=48
Hello from device! I'm team 0/4 thread 113/256; i=1, j=49
Hello from device! I'm team 0/4 thread 114/256; i=1, j=50
Hello from device! I'm team 0/4 thread 115/256; i=1, j=51
Hello from device! I'm team 0/4 thread 116/256; i=1, j=52
Hello from device! I'm team 0/4 thread 117/256; i=1, j=53
Hello from device! I'm team 0/4 thread 118/256; i=1, j=54
Hello from device! I'm team 0/4 thread 119/256; i=1, j=55
Hello from device! I'm team 0/4 thread 120/256; i=1, j=56
Hello from device! I'm team 0/4 thread 121/256; i=1, j=57
Hello from device! I'm team 0/4 thread 122/256; i=1, j=58
Hello from device! I'm team 0/4 thread 123/256; i=1, j=59
Hello from device! I'm team 0/4 thread 124/256; i=1, j=60
Hello from device! I'm team 0/4 thread 125/256; i=1, j=61
Hello from device! I'm team 0/4 thread 126/256; i=1, j=62
Hello from device! I'm team 0/4 thread 127/256; i=1, j=63
