ACC: Version 6.0 of HIP already initialized, runtime version 60342134
ACC: Get Device 0
ACC: Set Thread Context
ACC: Start transfer 0 items from hello-04.cpp:14
ACC: End transfer (to acc 0 bytes, to host 0 bytes)
ACC: Execute kernel __omp_offloading_73ac72ce_c4009b7e_main_l14 blocks:220 threads:256 from hello-04.cpp:14
ACC: Start transfer 0 items from hello-04.cpp:14
ACC: End transfer (to acc 0 bytes, to host 0 bytes)
Hello from host!
Hello from device! I'm team 175/220 thread 0/256
Hello from device! I'm team 175/220 thread 1/256
Hello from device! I'm team 175/220 thread 2/256
Hello from device! I'm team 175/220 thread 3/256
Hello from device! I'm team 175/220 thread 4/256
Hello from device! I'm team 175/220 thread 5/256
Hello from device! I'm team 175/220 thread 6/256
Hello from device! I'm team 175/220 thread 7/256
Hello from device! I'm team 175/220 thread 8/256
Hello from device! I'm team 175/220 thread 9/256
...
Hello from device! I'm team 92/220 thread 0/256
Hello from device! I'm team 92/220 thread 1/256
Hello from device! I'm team 92/220 thread 2/256
Hello from device! I'm team 92/220 thread 3/256
Hello from device! I'm team 92/220 thread 4/256
Hello from device! I'm team 92/220 thread 5/256
Hello from device! I'm team 92/220 thread 6/256
Hello from device! I'm team 92/220 thread 7/256
Hello from device! I'm team 92/220 thread 8/256
Hello from device! I'm team 92/220 thread 9/256
...
