ACC: Version 6.0 of HIP already initialized, runtime version 60342134
ACC: Get Device 0
ACC: Set Thread Context
ACC: Start transfer 0 items from hello-08.cpp:17
ACC: End transfer (to acc 0 bytes, to host 0 bytes)
ACC: Execute kernel __omp_offloading_73ac72ce_c4009b82_main_l17_cce$noloop$form blocks:1 threads:256 from hello-08.cpp:17
ACC: Start transfer 0 items from hello-08.cpp:17
ACC: End transfer (to acc 0 bytes, to host 0 bytes)
Hello from host!
Hello from device! I'm team 0/1 thread 0/256; i=0, j=0
Hello from device! I'm team 0/1 thread 1/256; i=0, j=1
Hello from device! I'm team 0/1 thread 2/256; i=0, j=2
Hello from device! I'm team 0/1 thread 3/256; i=0, j=3
Hello from device! I'm team 0/1 thread 4/256; i=0, j=4
Hello from device! I'm team 0/1 thread 5/256; i=0, j=5
Hello from device! I'm team 0/1 thread 6/256; i=0, j=6
Hello from device! I'm team 0/1 thread 7/256; i=0, j=7
Hello from device! I'm team 0/1 thread 8/256; i=1, j=0
Hello from device! I'm team 0/1 thread 9/256; i=1, j=1
Hello from device! I'm team 0/1 thread 10/256; i=1, j=2
Hello from device! I'm team 0/1 thread 11/256; i=1, j=3
Hello from device! I'm team 0/1 thread 12/256; i=1, j=4
Hello from device! I'm team 0/1 thread 13/256; i=1, j=5
Hello from device! I'm team 0/1 thread 14/256; i=1, j=6
Hello from device! I'm team 0/1 thread 15/256; i=1, j=7
Hello from device! I'm team 0/1 thread 16/256; i=2, j=0
Hello from device! I'm team 0/1 thread 17/256; i=2, j=1
Hello from device! I'm team 0/1 thread 18/256; i=2, j=2
Hello from device! I'm team 0/1 thread 19/256; i=2, j=3
Hello from device! I'm team 0/1 thread 20/256; i=2, j=4
Hello from device! I'm team 0/1 thread 21/256; i=2, j=5
Hello from device! I'm team 0/1 thread 22/256; i=2, j=6
Hello from device! I'm team 0/1 thread 23/256; i=2, j=7
Hello from device! I'm team 0/1 thread 24/256; i=3, j=0
Hello from device! I'm team 0/1 thread 25/256; i=3, j=1
Hello from device! I'm team 0/1 thread 26/256; i=3, j=2
Hello from device! I'm team 0/1 thread 27/256; i=3, j=3
Hello from device! I'm team 0/1 thread 28/256; i=3, j=4
Hello from device! I'm team 0/1 thread 29/256; i=3, j=5
Hello from device! I'm team 0/1 thread 30/256; i=3, j=6
Hello from device! I'm team 0/1 thread 31/256; i=3, j=7
